{"message":"Starting Nest application...","level":"info","timestamp":"2021-07-04T17:55:11.273Z"}
{"message":"PassportModule dependencies initialized","level":"info","timestamp":"2021-07-04T17:55:11.356Z"}
{"message":"TypeOrmModule dependencies initialized","level":"info","timestamp":"2021-07-04T17:55:11.356Z"}
{"message":"JwtModule dependencies initialized","level":"info","timestamp":"2021-07-04T17:55:11.357Z"}
{"message":"ConfigHostModule dependencies initialized","level":"info","timestamp":"2021-07-04T17:55:11.357Z"}
{"message":"ConfigModule dependencies initialized","level":"info","timestamp":"2021-07-04T17:55:11.357Z"}
{"message":"ConfigModule dependencies initialized","level":"info","timestamp":"2021-07-04T17:55:11.358Z"}
{"message":"TypeOrmCoreModule dependencies initialized","level":"info","timestamp":"2021-07-04T17:55:11.576Z"}
{"message":"TypeOrmModule dependencies initialized","level":"info","timestamp":"2021-07-04T17:55:11.576Z"}
{"message":"TypeOrmModule dependencies initialized","level":"info","timestamp":"2021-07-04T17:55:11.576Z"}
{"message":"TypeOrmModule dependencies initialized","level":"info","timestamp":"2021-07-04T17:55:11.576Z"}
{"message":"AppModule dependencies initialized","level":"info","timestamp":"2021-07-04T17:55:11.577Z"}
{"message":"TasksModule dependencies initialized","level":"info","timestamp":"2021-07-04T17:55:11.577Z"}
{"message":"UsersModule dependencies initialized","level":"info","timestamp":"2021-07-04T17:55:11.578Z"}
{"message":"BoardsModule dependencies initialized","level":"info","timestamp":"2021-07-04T17:55:11.578Z"}
{"message":"AuthModule dependencies initialized","level":"info","timestamp":"2021-07-04T17:55:11.578Z"}
{"message":"AuthController {}:","level":"info","timestamp":"2021-07-04T17:55:11.688Z"}
{"message":"Mapped {/login, POST} route","level":"info","timestamp":"2021-07-04T17:55:11.690Z"}
{"message":"UsersController {/users}:","level":"info","timestamp":"2021-07-04T17:55:11.690Z"}
{"message":"Mapped {/users, GET} route","level":"info","timestamp":"2021-07-04T17:55:11.691Z"}
{"message":"Mapped {/users/:id, GET} route","level":"info","timestamp":"2021-07-04T17:55:11.691Z"}
{"message":"Mapped {/users, POST} route","level":"info","timestamp":"2021-07-04T17:55:11.691Z"}
{"message":"Mapped {/users/:id, PUT} route","level":"info","timestamp":"2021-07-04T17:55:11.692Z"}
{"message":"Mapped {/users/:id, DELETE} route","level":"info","timestamp":"2021-07-04T17:55:11.692Z"}
{"message":"TasksController {/boards/:boardId/tasks}:","level":"info","timestamp":"2021-07-04T17:55:11.692Z"}
{"message":"Mapped {/boards/:boardId/tasks, GET} route","level":"info","timestamp":"2021-07-04T17:55:11.692Z"}
{"message":"Mapped {/boards/:boardId/tasks/:id, GET} route","level":"info","timestamp":"2021-07-04T17:55:11.693Z"}
{"message":"Mapped {/boards/:boardId/tasks, POST} route","level":"info","timestamp":"2021-07-04T17:55:11.693Z"}
{"message":"Mapped {/boards/:boardId/tasks/:id, PUT} route","level":"info","timestamp":"2021-07-04T17:55:11.693Z"}
{"message":"Mapped {/boards/:boardId/tasks/:id, DELETE} route","level":"info","timestamp":"2021-07-04T17:55:11.694Z"}
{"message":"BoardsController {/boards}:","level":"info","timestamp":"2021-07-04T17:55:11.694Z"}
{"message":"Mapped {/boards, GET} route","level":"info","timestamp":"2021-07-04T17:55:11.694Z"}
{"message":"Mapped {/boards/:id, GET} route","level":"info","timestamp":"2021-07-04T17:55:11.694Z"}
{"message":"Mapped {/boards, POST} route","level":"info","timestamp":"2021-07-04T17:55:11.694Z"}
{"message":"Mapped {/boards/:id, PUT} route","level":"info","timestamp":"2021-07-04T17:55:11.695Z"}
{"message":"Mapped {/boards/:id, DELETE} route","level":"info","timestamp":"2021-07-04T17:55:11.695Z"}
{"message":"Nest application successfully started","level":"info","timestamp":"2021-07-04T17:55:11.697Z"}
{"message":"Starting Nest application...","level":"info","timestamp":"2021-07-04T17:55:56.678Z"}
{"message":"PassportModule dependencies initialized","level":"info","timestamp":"2021-07-04T17:55:56.734Z"}
{"message":"TypeOrmModule dependencies initialized","level":"info","timestamp":"2021-07-04T17:55:56.734Z"}
{"message":"JwtModule dependencies initialized","level":"info","timestamp":"2021-07-04T17:55:56.735Z"}
{"message":"ConfigHostModule dependencies initialized","level":"info","timestamp":"2021-07-04T17:55:56.735Z"}
{"message":"ConfigModule dependencies initialized","level":"info","timestamp":"2021-07-04T17:55:56.736Z"}
{"message":"ConfigModule dependencies initialized","level":"info","timestamp":"2021-07-04T17:55:56.736Z"}
{"message":"TypeOrmCoreModule dependencies initialized","level":"info","timestamp":"2021-07-04T17:55:56.978Z"}
{"message":"TypeOrmModule dependencies initialized","level":"info","timestamp":"2021-07-04T17:55:56.978Z"}
{"message":"TypeOrmModule dependencies initialized","level":"info","timestamp":"2021-07-04T17:55:56.979Z"}
{"message":"TypeOrmModule dependencies initialized","level":"info","timestamp":"2021-07-04T17:55:56.979Z"}
{"message":"AppModule dependencies initialized","level":"info","timestamp":"2021-07-04T17:55:56.979Z"}
{"message":"TasksModule dependencies initialized","level":"info","timestamp":"2021-07-04T17:55:56.981Z"}
{"message":"UsersModule dependencies initialized","level":"info","timestamp":"2021-07-04T17:55:56.981Z"}
{"message":"BoardsModule dependencies initialized","level":"info","timestamp":"2021-07-04T17:55:56.981Z"}
{"message":"AuthModule dependencies initialized","level":"info","timestamp":"2021-07-04T17:55:56.981Z"}
{"message":"AuthController {}:","level":"info","timestamp":"2021-07-04T17:55:57.158Z"}
{"message":"Mapped {/login, POST} route","level":"info","timestamp":"2021-07-04T17:55:57.161Z"}
{"message":"UsersController {/users}:","level":"info","timestamp":"2021-07-04T17:55:57.161Z"}
{"message":"Mapped {/users, GET} route","level":"info","timestamp":"2021-07-04T17:55:57.162Z"}
{"message":"Mapped {/users/:id, GET} route","level":"info","timestamp":"2021-07-04T17:55:57.162Z"}
{"message":"Mapped {/users, POST} route","level":"info","timestamp":"2021-07-04T17:55:57.163Z"}
{"message":"Mapped {/users/:id, PUT} route","level":"info","timestamp":"2021-07-04T17:55:57.163Z"}
{"message":"Mapped {/users/:id, DELETE} route","level":"info","timestamp":"2021-07-04T17:55:57.163Z"}
{"message":"TasksController {/boards/:boardId/tasks}:","level":"info","timestamp":"2021-07-04T17:55:57.164Z"}
{"message":"Mapped {/boards/:boardId/tasks, GET} route","level":"info","timestamp":"2021-07-04T17:55:57.164Z"}
{"message":"Mapped {/boards/:boardId/tasks/:id, GET} route","level":"info","timestamp":"2021-07-04T17:55:57.164Z"}
{"message":"Mapped {/boards/:boardId/tasks, POST} route","level":"info","timestamp":"2021-07-04T17:55:57.164Z"}
{"message":"Mapped {/boards/:boardId/tasks/:id, PUT} route","level":"info","timestamp":"2021-07-04T17:55:57.165Z"}
{"message":"Mapped {/boards/:boardId/tasks/:id, DELETE} route","level":"info","timestamp":"2021-07-04T17:55:57.165Z"}
{"message":"BoardsController {/boards}:","level":"info","timestamp":"2021-07-04T17:55:57.165Z"}
{"message":"Mapped {/boards, GET} route","level":"info","timestamp":"2021-07-04T17:55:57.165Z"}
{"message":"Mapped {/boards/:id, GET} route","level":"info","timestamp":"2021-07-04T17:55:57.166Z"}
{"message":"Mapped {/boards, POST} route","level":"info","timestamp":"2021-07-04T17:55:57.166Z"}
{"message":"Mapped {/boards/:id, PUT} route","level":"info","timestamp":"2021-07-04T17:55:57.166Z"}
{"message":"Mapped {/boards/:id, DELETE} route","level":"info","timestamp":"2021-07-04T17:55:57.166Z"}
{"message":"Nest application successfully started","level":"info","timestamp":"2021-07-04T17:55:57.169Z"}
{"message":"Starting Nest application...","level":"info","timestamp":"2021-07-04T17:56:00.213Z"}
{"message":"PassportModule dependencies initialized","level":"info","timestamp":"2021-07-04T17:56:00.277Z"}
{"message":"TypeOrmModule dependencies initialized","level":"info","timestamp":"2021-07-04T17:56:00.278Z"}
{"message":"JwtModule dependencies initialized","level":"info","timestamp":"2021-07-04T17:56:00.286Z"}
{"message":"ConfigHostModule dependencies initialized","level":"info","timestamp":"2021-07-04T17:56:00.286Z"}
{"message":"ConfigModule dependencies initialized","level":"info","timestamp":"2021-07-04T17:56:00.286Z"}
{"message":"ConfigModule dependencies initialized","level":"info","timestamp":"2021-07-04T17:56:00.286Z"}
{"message":"TypeOrmCoreModule dependencies initialized","level":"info","timestamp":"2021-07-04T17:56:00.504Z"}
{"message":"TypeOrmModule dependencies initialized","level":"info","timestamp":"2021-07-04T17:56:00.504Z"}
{"message":"TypeOrmModule dependencies initialized","level":"info","timestamp":"2021-07-04T17:56:00.505Z"}
{"message":"TypeOrmModule dependencies initialized","level":"info","timestamp":"2021-07-04T17:56:00.505Z"}
{"message":"AppModule dependencies initialized","level":"info","timestamp":"2021-07-04T17:56:00.505Z"}
{"message":"TasksModule dependencies initialized","level":"info","timestamp":"2021-07-04T17:56:00.507Z"}
{"message":"UsersModule dependencies initialized","level":"info","timestamp":"2021-07-04T17:56:00.507Z"}
{"message":"BoardsModule dependencies initialized","level":"info","timestamp":"2021-07-04T17:56:00.507Z"}
{"message":"AuthModule dependencies initialized","level":"info","timestamp":"2021-07-04T17:56:00.507Z"}
{"message":"AuthController {}:","level":"info","timestamp":"2021-07-04T17:56:00.619Z"}
{"message":"Mapped {/login, POST} route","level":"info","timestamp":"2021-07-04T17:56:00.622Z"}
{"message":"UsersController {/users}:","level":"info","timestamp":"2021-07-04T17:56:00.623Z"}
{"message":"Mapped {/users, GET} route","level":"info","timestamp":"2021-07-04T17:56:00.624Z"}
{"message":"Mapped {/users/:id, GET} route","level":"info","timestamp":"2021-07-04T17:56:00.625Z"}
{"message":"Mapped {/users, POST} route","level":"info","timestamp":"2021-07-04T17:56:00.625Z"}
{"message":"Mapped {/users/:id, PUT} route","level":"info","timestamp":"2021-07-04T17:56:00.625Z"}
{"message":"Mapped {/users/:id, DELETE} route","level":"info","timestamp":"2021-07-04T17:56:00.625Z"}
{"message":"TasksController {/boards/:boardId/tasks}:","level":"info","timestamp":"2021-07-04T17:56:00.626Z"}
{"message":"Mapped {/boards/:boardId/tasks, GET} route","level":"info","timestamp":"2021-07-04T17:56:00.626Z"}
{"message":"Mapped {/boards/:boardId/tasks/:id, GET} route","level":"info","timestamp":"2021-07-04T17:56:00.626Z"}
{"message":"Mapped {/boards/:boardId/tasks, POST} route","level":"info","timestamp":"2021-07-04T17:56:00.626Z"}
{"message":"Mapped {/boards/:boardId/tasks/:id, PUT} route","level":"info","timestamp":"2021-07-04T17:56:00.627Z"}
{"message":"Mapped {/boards/:boardId/tasks/:id, DELETE} route","level":"info","timestamp":"2021-07-04T17:56:00.627Z"}
{"message":"BoardsController {/boards}:","level":"info","timestamp":"2021-07-04T17:56:00.627Z"}
{"message":"Mapped {/boards, GET} route","level":"info","timestamp":"2021-07-04T17:56:00.627Z"}
{"message":"Mapped {/boards/:id, GET} route","level":"info","timestamp":"2021-07-04T17:56:00.627Z"}
{"message":"Mapped {/boards, POST} route","level":"info","timestamp":"2021-07-04T17:56:00.628Z"}
{"message":"Mapped {/boards/:id, PUT} route","level":"info","timestamp":"2021-07-04T17:56:00.628Z"}
{"message":"Mapped {/boards/:id, DELETE} route","level":"info","timestamp":"2021-07-04T17:56:00.628Z"}
{"message":"Nest application successfully started","level":"info","timestamp":"2021-07-04T17:56:00.630Z"}
{"message":"Starting Nest application...","level":"info","timestamp":"2021-07-04T17:56:23.008Z"}
{"message":"PassportModule dependencies initialized","level":"info","timestamp":"2021-07-04T17:56:23.078Z"}
{"message":"TypeOrmModule dependencies initialized","level":"info","timestamp":"2021-07-04T17:56:23.078Z"}
{"message":"JwtModule dependencies initialized","level":"info","timestamp":"2021-07-04T17:56:23.079Z"}
{"message":"ConfigHostModule dependencies initialized","level":"info","timestamp":"2021-07-04T17:56:23.079Z"}
{"message":"ConfigModule dependencies initialized","level":"info","timestamp":"2021-07-04T17:56:23.080Z"}
{"message":"ConfigModule dependencies initialized","level":"info","timestamp":"2021-07-04T17:56:23.080Z"}
{"message":"TypeOrmCoreModule dependencies initialized","level":"info","timestamp":"2021-07-04T17:56:23.293Z"}
{"message":"TypeOrmModule dependencies initialized","level":"info","timestamp":"2021-07-04T17:56:23.293Z"}
{"message":"TypeOrmModule dependencies initialized","level":"info","timestamp":"2021-07-04T17:56:23.293Z"}
{"message":"TypeOrmModule dependencies initialized","level":"info","timestamp":"2021-07-04T17:56:23.294Z"}
{"message":"AppModule dependencies initialized","level":"info","timestamp":"2021-07-04T17:56:23.294Z"}
{"message":"TasksModule dependencies initialized","level":"info","timestamp":"2021-07-04T17:56:23.295Z"}
{"message":"UsersModule dependencies initialized","level":"info","timestamp":"2021-07-04T17:56:23.295Z"}
{"message":"BoardsModule dependencies initialized","level":"info","timestamp":"2021-07-04T17:56:23.295Z"}
{"message":"AuthModule dependencies initialized","level":"info","timestamp":"2021-07-04T17:56:23.295Z"}
{"message":"AuthController {}:","level":"info","timestamp":"2021-07-04T17:56:23.407Z"}
{"message":"Mapped {/login, POST} route","level":"info","timestamp":"2021-07-04T17:56:23.409Z"}
{"message":"UsersController {/users}:","level":"info","timestamp":"2021-07-04T17:56:23.409Z"}
{"message":"Mapped {/users, GET} route","level":"info","timestamp":"2021-07-04T17:56:23.410Z"}
{"message":"Mapped {/users/:id, GET} route","level":"info","timestamp":"2021-07-04T17:56:23.410Z"}
{"message":"Mapped {/users, POST} route","level":"info","timestamp":"2021-07-04T17:56:23.410Z"}
{"message":"Mapped {/users/:id, PUT} route","level":"info","timestamp":"2021-07-04T17:56:23.411Z"}
{"message":"Mapped {/users/:id, DELETE} route","level":"info","timestamp":"2021-07-04T17:56:23.411Z"}
{"message":"TasksController {/boards/:boardId/tasks}:","level":"info","timestamp":"2021-07-04T17:56:23.411Z"}
{"message":"Mapped {/boards/:boardId/tasks, GET} route","level":"info","timestamp":"2021-07-04T17:56:23.411Z"}
{"message":"Mapped {/boards/:boardId/tasks/:id, GET} route","level":"info","timestamp":"2021-07-04T17:56:23.412Z"}
{"message":"Mapped {/boards/:boardId/tasks, POST} route","level":"info","timestamp":"2021-07-04T17:56:23.412Z"}
{"message":"Mapped {/boards/:boardId/tasks/:id, PUT} route","level":"info","timestamp":"2021-07-04T17:56:23.412Z"}
{"message":"Mapped {/boards/:boardId/tasks/:id, DELETE} route","level":"info","timestamp":"2021-07-04T17:56:23.412Z"}
{"message":"BoardsController {/boards}:","level":"info","timestamp":"2021-07-04T17:56:23.413Z"}
{"message":"Mapped {/boards, GET} route","level":"info","timestamp":"2021-07-04T17:56:23.413Z"}
{"message":"Mapped {/boards/:id, GET} route","level":"info","timestamp":"2021-07-04T17:56:23.413Z"}
{"message":"Mapped {/boards, POST} route","level":"info","timestamp":"2021-07-04T17:56:23.413Z"}
{"message":"Mapped {/boards/:id, PUT} route","level":"info","timestamp":"2021-07-04T17:56:23.414Z"}
{"message":"Mapped {/boards/:id, DELETE} route","level":"info","timestamp":"2021-07-04T17:56:23.414Z"}
{"message":"Nest application successfully started","level":"info","timestamp":"2021-07-04T17:56:23.416Z"}
{"message":"Starting Nest application...","level":"info","timestamp":"2021-07-04T17:56:34.413Z"}
{"message":"PassportModule dependencies initialized","level":"info","timestamp":"2021-07-04T17:56:34.474Z"}
{"message":"TypeOrmModule dependencies initialized","level":"info","timestamp":"2021-07-04T17:56:34.475Z"}
{"message":"JwtModule dependencies initialized","level":"info","timestamp":"2021-07-04T17:56:34.476Z"}
{"message":"ConfigHostModule dependencies initialized","level":"info","timestamp":"2021-07-04T17:56:34.476Z"}
{"message":"ConfigModule dependencies initialized","level":"info","timestamp":"2021-07-04T17:56:34.476Z"}
{"message":"ConfigModule dependencies initialized","level":"info","timestamp":"2021-07-04T17:56:34.477Z"}
{"message":"TypeOrmCoreModule dependencies initialized","level":"info","timestamp":"2021-07-04T17:56:34.671Z"}
{"message":"TypeOrmModule dependencies initialized","level":"info","timestamp":"2021-07-04T17:56:34.671Z"}
{"message":"TypeOrmModule dependencies initialized","level":"info","timestamp":"2021-07-04T17:56:34.671Z"}
{"message":"TypeOrmModule dependencies initialized","level":"info","timestamp":"2021-07-04T17:56:34.671Z"}
{"message":"AppModule dependencies initialized","level":"info","timestamp":"2021-07-04T17:56:34.671Z"}
{"message":"TasksModule dependencies initialized","level":"info","timestamp":"2021-07-04T17:56:34.673Z"}
{"message":"UsersModule dependencies initialized","level":"info","timestamp":"2021-07-04T17:56:34.673Z"}
{"message":"BoardsModule dependencies initialized","level":"info","timestamp":"2021-07-04T17:56:34.673Z"}
{"message":"AuthModule dependencies initialized","level":"info","timestamp":"2021-07-04T17:56:34.673Z"}
{"message":"AuthController {}:","level":"info","timestamp":"2021-07-04T17:56:34.783Z"}
{"message":"Mapped {/login, POST} route","level":"info","timestamp":"2021-07-04T17:56:34.785Z"}
{"message":"UsersController {/users}:","level":"info","timestamp":"2021-07-04T17:56:34.785Z"}
{"message":"Mapped {/users, GET} route","level":"info","timestamp":"2021-07-04T17:56:34.786Z"}
{"message":"Mapped {/users/:id, GET} route","level":"info","timestamp":"2021-07-04T17:56:34.786Z"}
{"message":"Mapped {/users, POST} route","level":"info","timestamp":"2021-07-04T17:56:34.786Z"}
{"message":"Mapped {/users/:id, PUT} route","level":"info","timestamp":"2021-07-04T17:56:34.787Z"}
{"message":"Mapped {/users/:id, DELETE} route","level":"info","timestamp":"2021-07-04T17:56:34.787Z"}
{"message":"TasksController {/boards/:boardId/tasks}:","level":"info","timestamp":"2021-07-04T17:56:34.787Z"}
{"message":"Mapped {/boards/:boardId/tasks, GET} route","level":"info","timestamp":"2021-07-04T17:56:34.787Z"}
{"message":"Mapped {/boards/:boardId/tasks/:id, GET} route","level":"info","timestamp":"2021-07-04T17:56:34.788Z"}
{"message":"Mapped {/boards/:boardId/tasks, POST} route","level":"info","timestamp":"2021-07-04T17:56:34.788Z"}
{"message":"Mapped {/boards/:boardId/tasks/:id, PUT} route","level":"info","timestamp":"2021-07-04T17:56:34.788Z"}
{"message":"Mapped {/boards/:boardId/tasks/:id, DELETE} route","level":"info","timestamp":"2021-07-04T17:56:34.788Z"}
{"message":"BoardsController {/boards}:","level":"info","timestamp":"2021-07-04T17:56:34.789Z"}
{"message":"Mapped {/boards, GET} route","level":"info","timestamp":"2021-07-04T17:56:34.789Z"}
{"message":"Mapped {/boards/:id, GET} route","level":"info","timestamp":"2021-07-04T17:56:34.789Z"}
{"message":"Mapped {/boards, POST} route","level":"info","timestamp":"2021-07-04T17:56:34.789Z"}
{"message":"Mapped {/boards/:id, PUT} route","level":"info","timestamp":"2021-07-04T17:56:34.790Z"}
{"message":"Mapped {/boards/:id, DELETE} route","level":"info","timestamp":"2021-07-04T17:56:34.790Z"}
{"message":"Nest application successfully started","level":"info","timestamp":"2021-07-04T17:56:34.792Z"}
{"message":"Starting Nest application...","level":"info","timestamp":"2021-07-04T17:56:39.025Z"}
{"message":"PassportModule dependencies initialized","level":"info","timestamp":"2021-07-04T17:56:39.082Z"}
{"message":"TypeOrmModule dependencies initialized","level":"info","timestamp":"2021-07-04T17:56:39.083Z"}
{"message":"JwtModule dependencies initialized","level":"info","timestamp":"2021-07-04T17:56:39.083Z"}
{"message":"ConfigHostModule dependencies initialized","level":"info","timestamp":"2021-07-04T17:56:39.084Z"}
{"message":"ConfigModule dependencies initialized","level":"info","timestamp":"2021-07-04T17:56:39.084Z"}
{"message":"ConfigModule dependencies initialized","level":"info","timestamp":"2021-07-04T17:56:39.084Z"}
{"message":"TypeOrmCoreModule dependencies initialized","level":"info","timestamp":"2021-07-04T17:56:39.333Z"}
{"message":"TypeOrmModule dependencies initialized","level":"info","timestamp":"2021-07-04T17:56:39.333Z"}
{"message":"TypeOrmModule dependencies initialized","level":"info","timestamp":"2021-07-04T17:56:39.333Z"}
{"message":"TypeOrmModule dependencies initialized","level":"info","timestamp":"2021-07-04T17:56:39.333Z"}
{"message":"AppModule dependencies initialized","level":"info","timestamp":"2021-07-04T17:56:39.333Z"}
{"message":"TasksModule dependencies initialized","level":"info","timestamp":"2021-07-04T17:56:39.335Z"}
{"message":"UsersModule dependencies initialized","level":"info","timestamp":"2021-07-04T17:56:39.335Z"}
{"message":"BoardsModule dependencies initialized","level":"info","timestamp":"2021-07-04T17:56:39.335Z"}
{"message":"AuthModule dependencies initialized","level":"info","timestamp":"2021-07-04T17:56:39.335Z"}
{"message":"AuthController {}:","level":"info","timestamp":"2021-07-04T17:56:39.450Z"}
{"message":"Mapped {/login, POST} route","level":"info","timestamp":"2021-07-04T17:56:39.453Z"}
{"message":"UsersController {/users}:","level":"info","timestamp":"2021-07-04T17:56:39.453Z"}
{"message":"Mapped {/users, GET} route","level":"info","timestamp":"2021-07-04T17:56:39.453Z"}
{"message":"Mapped {/users/:id, GET} route","level":"info","timestamp":"2021-07-04T17:56:39.454Z"}
{"message":"Mapped {/users, POST} route","level":"info","timestamp":"2021-07-04T17:56:39.454Z"}
{"message":"Mapped {/users/:id, PUT} route","level":"info","timestamp":"2021-07-04T17:56:39.454Z"}
{"message":"Mapped {/users/:id, DELETE} route","level":"info","timestamp":"2021-07-04T17:56:39.455Z"}
{"message":"TasksController {/boards/:boardId/tasks}:","level":"info","timestamp":"2021-07-04T17:56:39.455Z"}
{"message":"Mapped {/boards/:boardId/tasks, GET} route","level":"info","timestamp":"2021-07-04T17:56:39.455Z"}
{"message":"Mapped {/boards/:boardId/tasks/:id, GET} route","level":"info","timestamp":"2021-07-04T17:56:39.455Z"}
{"message":"Mapped {/boards/:boardId/tasks, POST} route","level":"info","timestamp":"2021-07-04T17:56:39.456Z"}
{"message":"Mapped {/boards/:boardId/tasks/:id, PUT} route","level":"info","timestamp":"2021-07-04T17:56:39.456Z"}
{"message":"Mapped {/boards/:boardId/tasks/:id, DELETE} route","level":"info","timestamp":"2021-07-04T17:56:39.456Z"}
{"message":"BoardsController {/boards}:","level":"info","timestamp":"2021-07-04T17:56:39.456Z"}
{"message":"Mapped {/boards, GET} route","level":"info","timestamp":"2021-07-04T17:56:39.457Z"}
{"message":"Mapped {/boards/:id, GET} route","level":"info","timestamp":"2021-07-04T17:56:39.457Z"}
{"message":"Mapped {/boards, POST} route","level":"info","timestamp":"2021-07-04T17:56:39.457Z"}
{"message":"Mapped {/boards/:id, PUT} route","level":"info","timestamp":"2021-07-04T17:56:39.457Z"}
{"message":"Mapped {/boards/:id, DELETE} route","level":"info","timestamp":"2021-07-04T17:56:39.457Z"}
{"message":"Nest application successfully started","level":"info","timestamp":"2021-07-04T17:56:39.460Z"}
{"message":"Starting Nest application...","level":"info","timestamp":"2021-07-04T17:56:45.500Z"}
{"message":"PassportModule dependencies initialized","level":"info","timestamp":"2021-07-04T17:56:45.562Z"}
{"message":"TypeOrmModule dependencies initialized","level":"info","timestamp":"2021-07-04T17:56:45.562Z"}
{"message":"JwtModule dependencies initialized","level":"info","timestamp":"2021-07-04T17:56:45.563Z"}
{"message":"ConfigHostModule dependencies initialized","level":"info","timestamp":"2021-07-04T17:56:45.563Z"}
{"message":"ConfigModule dependencies initialized","level":"info","timestamp":"2021-07-04T17:56:45.563Z"}
{"message":"ConfigModule dependencies initialized","level":"info","timestamp":"2021-07-04T17:56:45.564Z"}
{"message":"TypeOrmCoreModule dependencies initialized","level":"info","timestamp":"2021-07-04T17:56:45.760Z"}
{"message":"TypeOrmModule dependencies initialized","level":"info","timestamp":"2021-07-04T17:56:45.760Z"}
{"message":"TypeOrmModule dependencies initialized","level":"info","timestamp":"2021-07-04T17:56:45.760Z"}
{"message":"TypeOrmModule dependencies initialized","level":"info","timestamp":"2021-07-04T17:56:45.760Z"}
{"message":"AppModule dependencies initialized","level":"info","timestamp":"2021-07-04T17:56:45.760Z"}
{"message":"TasksModule dependencies initialized","level":"info","timestamp":"2021-07-04T17:56:45.762Z"}
{"message":"UsersModule dependencies initialized","level":"info","timestamp":"2021-07-04T17:56:45.762Z"}
{"message":"BoardsModule dependencies initialized","level":"info","timestamp":"2021-07-04T17:56:45.762Z"}
{"message":"AuthModule dependencies initialized","level":"info","timestamp":"2021-07-04T17:56:45.762Z"}
{"message":"AuthController {}:","level":"info","timestamp":"2021-07-04T17:56:45.868Z"}
{"message":"Mapped {/login, POST} route","level":"info","timestamp":"2021-07-04T17:56:45.871Z"}
{"message":"UsersController {/users}:","level":"info","timestamp":"2021-07-04T17:56:45.871Z"}
{"message":"Mapped {/users, GET} route","level":"info","timestamp":"2021-07-04T17:56:45.871Z"}
{"message":"Mapped {/users/:id, GET} route","level":"info","timestamp":"2021-07-04T17:56:45.872Z"}
{"message":"Mapped {/users, POST} route","level":"info","timestamp":"2021-07-04T17:56:45.872Z"}
{"message":"Mapped {/users/:id, PUT} route","level":"info","timestamp":"2021-07-04T17:56:45.872Z"}
{"message":"Mapped {/users/:id, DELETE} route","level":"info","timestamp":"2021-07-04T17:56:45.873Z"}
{"message":"TasksController {/boards/:boardId/tasks}:","level":"info","timestamp":"2021-07-04T17:56:45.873Z"}
{"message":"Mapped {/boards/:boardId/tasks, GET} route","level":"info","timestamp":"2021-07-04T17:56:45.873Z"}
{"message":"Mapped {/boards/:boardId/tasks/:id, GET} route","level":"info","timestamp":"2021-07-04T17:56:45.874Z"}
{"message":"Mapped {/boards/:boardId/tasks, POST} route","level":"info","timestamp":"2021-07-04T17:56:45.874Z"}
{"message":"Mapped {/boards/:boardId/tasks/:id, PUT} route","level":"info","timestamp":"2021-07-04T17:56:45.874Z"}
{"message":"Mapped {/boards/:boardId/tasks/:id, DELETE} route","level":"info","timestamp":"2021-07-04T17:56:45.874Z"}
{"message":"BoardsController {/boards}:","level":"info","timestamp":"2021-07-04T17:56:45.874Z"}
{"message":"Mapped {/boards, GET} route","level":"info","timestamp":"2021-07-04T17:56:45.875Z"}
{"message":"Mapped {/boards/:id, GET} route","level":"info","timestamp":"2021-07-04T17:56:45.875Z"}
{"message":"Mapped {/boards, POST} route","level":"info","timestamp":"2021-07-04T17:56:45.875Z"}
{"message":"Mapped {/boards/:id, PUT} route","level":"info","timestamp":"2021-07-04T17:56:45.875Z"}
{"message":"Mapped {/boards/:id, DELETE} route","level":"info","timestamp":"2021-07-04T17:56:45.876Z"}
{"message":"Nest application successfully started","level":"info","timestamp":"2021-07-04T17:56:45.878Z"}
{"message":"Starting Nest application...","level":"info","timestamp":"2021-07-04T17:56:59.415Z"}
{"message":"PassportModule dependencies initialized","level":"info","timestamp":"2021-07-04T17:56:59.476Z"}
{"message":"TypeOrmModule dependencies initialized","level":"info","timestamp":"2021-07-04T17:56:59.476Z"}
{"message":"JwtModule dependencies initialized","level":"info","timestamp":"2021-07-04T17:56:59.477Z"}
{"message":"ConfigHostModule dependencies initialized","level":"info","timestamp":"2021-07-04T17:56:59.477Z"}
{"message":"ConfigModule dependencies initialized","level":"info","timestamp":"2021-07-04T17:56:59.477Z"}
{"message":"ConfigModule dependencies initialized","level":"info","timestamp":"2021-07-04T17:56:59.478Z"}
{"message":"TypeOrmCoreModule dependencies initialized","level":"info","timestamp":"2021-07-04T17:56:59.684Z"}
{"message":"TypeOrmModule dependencies initialized","level":"info","timestamp":"2021-07-04T17:56:59.684Z"}
{"message":"TypeOrmModule dependencies initialized","level":"info","timestamp":"2021-07-04T17:56:59.684Z"}
{"message":"TypeOrmModule dependencies initialized","level":"info","timestamp":"2021-07-04T17:56:59.684Z"}
{"message":"AppModule dependencies initialized","level":"info","timestamp":"2021-07-04T17:56:59.684Z"}
{"message":"TasksModule dependencies initialized","level":"info","timestamp":"2021-07-04T17:56:59.685Z"}
{"message":"UsersModule dependencies initialized","level":"info","timestamp":"2021-07-04T17:56:59.685Z"}
{"message":"BoardsModule dependencies initialized","level":"info","timestamp":"2021-07-04T17:56:59.685Z"}
{"message":"AuthModule dependencies initialized","level":"info","timestamp":"2021-07-04T17:56:59.685Z"}
{"message":"AuthController {}:","level":"info","timestamp":"2021-07-04T17:56:59.801Z"}
{"message":"Mapped {/login, POST} route","level":"info","timestamp":"2021-07-04T17:56:59.803Z"}
{"message":"UsersController {/users}:","level":"info","timestamp":"2021-07-04T17:56:59.803Z"}
{"message":"Mapped {/users, GET} route","level":"info","timestamp":"2021-07-04T17:56:59.803Z"}
{"message":"Mapped {/users/:id, GET} route","level":"info","timestamp":"2021-07-04T17:56:59.804Z"}
{"message":"Mapped {/users, POST} route","level":"info","timestamp":"2021-07-04T17:56:59.804Z"}
{"message":"Mapped {/users/:id, PUT} route","level":"info","timestamp":"2021-07-04T17:56:59.804Z"}
{"message":"Mapped {/users/:id, DELETE} route","level":"info","timestamp":"2021-07-04T17:56:59.805Z"}
{"message":"TasksController {/boards/:boardId/tasks}:","level":"info","timestamp":"2021-07-04T17:56:59.805Z"}
{"message":"Mapped {/boards/:boardId/tasks, GET} route","level":"info","timestamp":"2021-07-04T17:56:59.805Z"}
{"message":"Mapped {/boards/:boardId/tasks/:id, GET} route","level":"info","timestamp":"2021-07-04T17:56:59.805Z"}
{"message":"Mapped {/boards/:boardId/tasks, POST} route","level":"info","timestamp":"2021-07-04T17:56:59.806Z"}
{"message":"Mapped {/boards/:boardId/tasks/:id, PUT} route","level":"info","timestamp":"2021-07-04T17:56:59.806Z"}
{"message":"Mapped {/boards/:boardId/tasks/:id, DELETE} route","level":"info","timestamp":"2021-07-04T17:56:59.806Z"}
{"message":"BoardsController {/boards}:","level":"info","timestamp":"2021-07-04T17:56:59.806Z"}
{"message":"Mapped {/boards, GET} route","level":"info","timestamp":"2021-07-04T17:56:59.806Z"}
{"message":"Mapped {/boards/:id, GET} route","level":"info","timestamp":"2021-07-04T17:56:59.807Z"}
{"message":"Mapped {/boards, POST} route","level":"info","timestamp":"2021-07-04T17:56:59.807Z"}
{"message":"Mapped {/boards/:id, PUT} route","level":"info","timestamp":"2021-07-04T17:56:59.807Z"}
{"message":"Mapped {/boards/:id, DELETE} route","level":"info","timestamp":"2021-07-04T17:56:59.808Z"}
{"message":"Nest application successfully started","level":"info","timestamp":"2021-07-04T17:56:59.812Z"}
{"message":"Starting Nest application...","level":"info","timestamp":"2021-07-04T17:57:34.420Z"}
{"message":"PassportModule dependencies initialized","level":"info","timestamp":"2021-07-04T17:57:34.482Z"}
{"message":"TypeOrmModule dependencies initialized","level":"info","timestamp":"2021-07-04T17:57:34.482Z"}
{"message":"JwtModule dependencies initialized","level":"info","timestamp":"2021-07-04T17:57:34.483Z"}
{"message":"ConfigHostModule dependencies initialized","level":"info","timestamp":"2021-07-04T17:57:34.483Z"}
{"message":"ConfigModule dependencies initialized","level":"info","timestamp":"2021-07-04T17:57:34.483Z"}
{"message":"ConfigModule dependencies initialized","level":"info","timestamp":"2021-07-04T17:57:34.484Z"}
{"message":"TypeOrmCoreModule dependencies initialized","level":"info","timestamp":"2021-07-04T17:57:34.662Z"}
{"message":"TypeOrmModule dependencies initialized","level":"info","timestamp":"2021-07-04T17:57:34.663Z"}
{"message":"TypeOrmModule dependencies initialized","level":"info","timestamp":"2021-07-04T17:57:34.663Z"}
{"message":"TypeOrmModule dependencies initialized","level":"info","timestamp":"2021-07-04T17:57:34.663Z"}
{"message":"AppModule dependencies initialized","level":"info","timestamp":"2021-07-04T17:57:34.663Z"}
{"message":"TasksModule dependencies initialized","level":"info","timestamp":"2021-07-04T17:57:34.664Z"}
{"message":"UsersModule dependencies initialized","level":"info","timestamp":"2021-07-04T17:57:34.664Z"}
{"message":"BoardsModule dependencies initialized","level":"info","timestamp":"2021-07-04T17:57:34.664Z"}
{"message":"AuthModule dependencies initialized","level":"info","timestamp":"2021-07-04T17:57:34.664Z"}
{"message":"AuthController {}:","level":"info","timestamp":"2021-07-04T17:57:34.793Z"}
{"message":"Mapped {/login, POST} route","level":"info","timestamp":"2021-07-04T17:57:34.796Z"}
{"message":"UsersController {/users}:","level":"info","timestamp":"2021-07-04T17:57:34.796Z"}
{"message":"Mapped {/users, GET} route","level":"info","timestamp":"2021-07-04T17:57:34.796Z"}
{"message":"Mapped {/users/:id, GET} route","level":"info","timestamp":"2021-07-04T17:57:34.797Z"}
{"message":"Mapped {/users, POST} route","level":"info","timestamp":"2021-07-04T17:57:34.797Z"}
{"message":"Mapped {/users/:id, PUT} route","level":"info","timestamp":"2021-07-04T17:57:34.797Z"}
{"message":"Mapped {/users/:id, DELETE} route","level":"info","timestamp":"2021-07-04T17:57:34.797Z"}
{"message":"TasksController {/boards/:boardId/tasks}:","level":"info","timestamp":"2021-07-04T17:57:34.798Z"}
{"message":"Mapped {/boards/:boardId/tasks, GET} route","level":"info","timestamp":"2021-07-04T17:57:34.798Z"}
{"message":"Mapped {/boards/:boardId/tasks/:id, GET} route","level":"info","timestamp":"2021-07-04T17:57:34.798Z"}
{"message":"Mapped {/boards/:boardId/tasks, POST} route","level":"info","timestamp":"2021-07-04T17:57:34.798Z"}
{"message":"Mapped {/boards/:boardId/tasks/:id, PUT} route","level":"info","timestamp":"2021-07-04T17:57:34.799Z"}
{"message":"Mapped {/boards/:boardId/tasks/:id, DELETE} route","level":"info","timestamp":"2021-07-04T17:57:34.799Z"}
{"message":"BoardsController {/boards}:","level":"info","timestamp":"2021-07-04T17:57:34.799Z"}
{"message":"Mapped {/boards, GET} route","level":"info","timestamp":"2021-07-04T17:57:34.799Z"}
{"message":"Mapped {/boards/:id, GET} route","level":"info","timestamp":"2021-07-04T17:57:34.800Z"}
{"message":"Mapped {/boards, POST} route","level":"info","timestamp":"2021-07-04T17:57:34.800Z"}
{"message":"Mapped {/boards/:id, PUT} route","level":"info","timestamp":"2021-07-04T17:57:34.800Z"}
{"message":"Mapped {/boards/:id, DELETE} route","level":"info","timestamp":"2021-07-04T17:57:34.800Z"}
{"message":"Nest application successfully started","level":"info","timestamp":"2021-07-04T17:57:34.803Z"}
{"message":"Starting Nest application...","level":"info","timestamp":"2021-07-04T17:59:02.145Z"}
{"message":"PassportModule dependencies initialized","level":"info","timestamp":"2021-07-04T17:59:02.200Z"}
{"message":"TypeOrmModule dependencies initialized","level":"info","timestamp":"2021-07-04T17:59:02.200Z"}
{"message":"JwtModule dependencies initialized","level":"info","timestamp":"2021-07-04T17:59:02.201Z"}
{"message":"ConfigHostModule dependencies initialized","level":"info","timestamp":"2021-07-04T17:59:02.201Z"}
{"message":"ConfigModule dependencies initialized","level":"info","timestamp":"2021-07-04T17:59:02.202Z"}
{"message":"ConfigModule dependencies initialized","level":"info","timestamp":"2021-07-04T17:59:02.202Z"}
{"message":"TypeOrmCoreModule dependencies initialized","level":"info","timestamp":"2021-07-04T17:59:02.391Z"}
{"message":"TypeOrmModule dependencies initialized","level":"info","timestamp":"2021-07-04T17:59:02.391Z"}
{"message":"TypeOrmModule dependencies initialized","level":"info","timestamp":"2021-07-04T17:59:02.391Z"}
{"message":"TypeOrmModule dependencies initialized","level":"info","timestamp":"2021-07-04T17:59:02.391Z"}
{"message":"AppModule dependencies initialized","level":"info","timestamp":"2021-07-04T17:59:02.391Z"}
{"message":"TasksModule dependencies initialized","level":"info","timestamp":"2021-07-04T17:59:02.392Z"}
{"message":"UsersModule dependencies initialized","level":"info","timestamp":"2021-07-04T17:59:02.392Z"}
{"message":"BoardsModule dependencies initialized","level":"info","timestamp":"2021-07-04T17:59:02.392Z"}
{"message":"AuthModule dependencies initialized","level":"info","timestamp":"2021-07-04T17:59:02.393Z"}
{"message":"AuthController {}:","level":"info","timestamp":"2021-07-04T17:59:02.491Z"}
{"message":"Mapped {/login, POST} route","level":"info","timestamp":"2021-07-04T17:59:02.494Z"}
{"message":"UsersController {/users}:","level":"info","timestamp":"2021-07-04T17:59:02.494Z"}
{"message":"Mapped {/users, GET} route","level":"info","timestamp":"2021-07-04T17:59:02.494Z"}
{"message":"Mapped {/users/:id, GET} route","level":"info","timestamp":"2021-07-04T17:59:02.495Z"}
{"message":"Mapped {/users, POST} route","level":"info","timestamp":"2021-07-04T17:59:02.495Z"}
{"message":"Mapped {/users/:id, PUT} route","level":"info","timestamp":"2021-07-04T17:59:02.495Z"}
{"message":"Mapped {/users/:id, DELETE} route","level":"info","timestamp":"2021-07-04T17:59:02.496Z"}
{"message":"TasksController {/boards/:boardId/tasks}:","level":"info","timestamp":"2021-07-04T17:59:02.496Z"}
{"message":"Mapped {/boards/:boardId/tasks, GET} route","level":"info","timestamp":"2021-07-04T17:59:02.496Z"}
{"message":"Mapped {/boards/:boardId/tasks/:id, GET} route","level":"info","timestamp":"2021-07-04T17:59:02.496Z"}
{"message":"Mapped {/boards/:boardId/tasks, POST} route","level":"info","timestamp":"2021-07-04T17:59:02.496Z"}
{"message":"Mapped {/boards/:boardId/tasks/:id, PUT} route","level":"info","timestamp":"2021-07-04T17:59:02.497Z"}
{"message":"Mapped {/boards/:boardId/tasks/:id, DELETE} route","level":"info","timestamp":"2021-07-04T17:59:02.497Z"}
{"message":"BoardsController {/boards}:","level":"info","timestamp":"2021-07-04T17:59:02.497Z"}
{"message":"Mapped {/boards, GET} route","level":"info","timestamp":"2021-07-04T17:59:02.497Z"}
{"message":"Mapped {/boards/:id, GET} route","level":"info","timestamp":"2021-07-04T17:59:02.498Z"}
{"message":"Mapped {/boards, POST} route","level":"info","timestamp":"2021-07-04T17:59:02.498Z"}
{"message":"Mapped {/boards/:id, PUT} route","level":"info","timestamp":"2021-07-04T17:59:02.498Z"}
{"message":"Mapped {/boards/:id, DELETE} route","level":"info","timestamp":"2021-07-04T17:59:02.498Z"}
{"message":"Nest application successfully started","level":"info","timestamp":"2021-07-04T17:59:02.500Z"}
{"message":"Starting Nest application...","level":"info","timestamp":"2021-07-04T18:38:52.817Z"}
{"message":"PassportModule dependencies initialized","level":"info","timestamp":"2021-07-04T18:38:52.893Z"}
{"message":"TypeOrmModule dependencies initialized","level":"info","timestamp":"2021-07-04T18:38:52.893Z"}
{"message":"JwtModule dependencies initialized","level":"info","timestamp":"2021-07-04T18:38:52.894Z"}
{"message":"ConfigHostModule dependencies initialized","level":"info","timestamp":"2021-07-04T18:38:52.894Z"}
{"message":"ConfigModule dependencies initialized","level":"info","timestamp":"2021-07-04T18:38:52.894Z"}
{"message":"ConfigModule dependencies initialized","level":"info","timestamp":"2021-07-04T18:38:52.894Z"}
{"message":"Unable to connect to the database. Retrying (1)..., Error: getaddrinfo ENOTFOUND postgres\n    at GetAddrInfoReqWrap.onlookup [as oncomplete] (dns.js:67:26)","level":"error","timestamp":"2021-07-04T18:38:55.191Z"}
{"message":"Unable to connect to the database. Retrying (2)..., Error: getaddrinfo ENOTFOUND postgres\n    at GetAddrInfoReqWrap.onlookup [as oncomplete] (dns.js:67:26)","level":"error","timestamp":"2021-07-04T18:39:00.472Z"}
{"message":"Starting Nest application...","level":"info","timestamp":"2021-07-04T18:40:25.530Z"}
{"message":"PassportModule dependencies initialized","level":"info","timestamp":"2021-07-04T18:40:25.591Z"}
{"message":"TypeOrmModule dependencies initialized","level":"info","timestamp":"2021-07-04T18:40:25.592Z"}
{"message":"JwtModule dependencies initialized","level":"info","timestamp":"2021-07-04T18:40:25.592Z"}
{"message":"ConfigHostModule dependencies initialized","level":"info","timestamp":"2021-07-04T18:40:25.593Z"}
{"message":"ConfigModule dependencies initialized","level":"info","timestamp":"2021-07-04T18:40:25.593Z"}
{"message":"ConfigModule dependencies initialized","level":"info","timestamp":"2021-07-04T18:40:25.593Z"}
{"message":"TypeOrmCoreModule dependencies initialized","level":"info","timestamp":"2021-07-04T18:40:25.987Z"}
{"message":"TypeOrmModule dependencies initialized","level":"info","timestamp":"2021-07-04T18:40:25.988Z"}
{"message":"TypeOrmModule dependencies initialized","level":"info","timestamp":"2021-07-04T18:40:25.988Z"}
{"message":"TypeOrmModule dependencies initialized","level":"info","timestamp":"2021-07-04T18:40:25.988Z"}
{"message":"AppModule dependencies initialized","level":"info","timestamp":"2021-07-04T18:40:25.988Z"}
{"message":"TasksModule dependencies initialized","level":"info","timestamp":"2021-07-04T18:40:25.990Z"}
{"message":"UsersModule dependencies initialized","level":"info","timestamp":"2021-07-04T18:40:25.990Z"}
{"message":"BoardsModule dependencies initialized","level":"info","timestamp":"2021-07-04T18:40:25.990Z"}
{"message":"AuthModule dependencies initialized","level":"info","timestamp":"2021-07-04T18:40:25.990Z"}
{"message":"AuthController {}:","level":"info","timestamp":"2021-07-04T18:40:26.154Z"}
{"message":"Mapped {/login, POST} route","level":"info","timestamp":"2021-07-04T18:40:26.159Z"}
{"message":"UsersController {/users}:","level":"info","timestamp":"2021-07-04T18:40:26.159Z"}
{"message":"Mapped {/users, GET} route","level":"info","timestamp":"2021-07-04T18:40:26.160Z"}
{"message":"Mapped {/users/:id, GET} route","level":"info","timestamp":"2021-07-04T18:40:26.161Z"}
{"message":"Mapped {/users, POST} route","level":"info","timestamp":"2021-07-04T18:40:26.161Z"}
{"message":"Mapped {/users/:id, PUT} route","level":"info","timestamp":"2021-07-04T18:40:26.162Z"}
{"message":"Mapped {/users/:id, DELETE} route","level":"info","timestamp":"2021-07-04T18:40:26.162Z"}
{"message":"TasksController {/boards/:boardId/tasks}:","level":"info","timestamp":"2021-07-04T18:40:26.163Z"}
{"message":"Mapped {/boards/:boardId/tasks, GET} route","level":"info","timestamp":"2021-07-04T18:40:26.163Z"}
{"message":"Mapped {/boards/:boardId/tasks/:id, GET} route","level":"info","timestamp":"2021-07-04T18:40:26.164Z"}
{"message":"Mapped {/boards/:boardId/tasks, POST} route","level":"info","timestamp":"2021-07-04T18:40:26.165Z"}
{"message":"Mapped {/boards/:boardId/tasks/:id, PUT} route","level":"info","timestamp":"2021-07-04T18:40:26.166Z"}
{"message":"Mapped {/boards/:boardId/tasks/:id, DELETE} route","level":"info","timestamp":"2021-07-04T18:40:26.167Z"}
{"message":"BoardsController {/boards}:","level":"info","timestamp":"2021-07-04T18:40:26.167Z"}
{"message":"Mapped {/boards, GET} route","level":"info","timestamp":"2021-07-04T18:40:26.168Z"}
{"message":"Mapped {/boards/:id, GET} route","level":"info","timestamp":"2021-07-04T18:40:26.168Z"}
{"message":"Mapped {/boards, POST} route","level":"info","timestamp":"2021-07-04T18:40:26.169Z"}
{"message":"Mapped {/boards/:id, PUT} route","level":"info","timestamp":"2021-07-04T18:40:26.170Z"}
{"message":"Mapped {/boards/:id, DELETE} route","level":"info","timestamp":"2021-07-04T18:40:26.170Z"}
{"message":"Nest application successfully started","level":"info","timestamp":"2021-07-04T18:40:26.175Z"}
