{"message":"Starting Nest application..., NestFactory","level":"info","timestamp":"2021-07-04T14:01:21.268Z"}
{"message":"PassportModule dependencies initialized, InstanceLoader","level":"info","timestamp":"2021-07-04T14:01:21.347Z"}
{"message":"TypeOrmModule dependencies initialized, InstanceLoader","level":"info","timestamp":"2021-07-04T14:01:21.348Z"}
{"message":"JwtModule dependencies initialized, InstanceLoader","level":"info","timestamp":"2021-07-04T14:01:21.350Z"}
{"message":"ConfigHostModule dependencies initialized, InstanceLoader","level":"info","timestamp":"2021-07-04T14:01:21.351Z"}
{"message":"ConfigModule dependencies initialized, InstanceLoader","level":"info","timestamp":"2021-07-04T14:01:21.353Z"}
{"message":"ConfigModule dependencies initialized, InstanceLoader","level":"info","timestamp":"2021-07-04T14:01:21.355Z"}
{"message":"TypeOrmCoreModule dependencies initialized, InstanceLoader","level":"info","timestamp":"2021-07-04T14:01:21.737Z"}
{"message":"TypeOrmModule dependencies initialized, InstanceLoader","level":"info","timestamp":"2021-07-04T14:01:21.740Z"}
{"message":"TypeOrmModule dependencies initialized, InstanceLoader","level":"info","timestamp":"2021-07-04T14:01:21.741Z"}
{"message":"TypeOrmModule dependencies initialized, InstanceLoader","level":"info","timestamp":"2021-07-04T14:01:21.742Z"}
{"message":"AppModule dependencies initialized, InstanceLoader","level":"info","timestamp":"2021-07-04T14:01:21.743Z"}
{"message":"TasksModule dependencies initialized, InstanceLoader","level":"info","timestamp":"2021-07-04T14:01:21.746Z"}
{"message":"UsersModule dependencies initialized, InstanceLoader","level":"info","timestamp":"2021-07-04T14:01:21.751Z"}
{"message":"BoardsModule dependencies initialized, InstanceLoader","level":"info","timestamp":"2021-07-04T14:01:21.754Z"}
{"message":"AuthModule dependencies initialized, InstanceLoader","level":"info","timestamp":"2021-07-04T14:01:21.756Z"}
{"message":"AuthController {}:, RoutesResolver","level":"info","timestamp":"2021-07-04T14:01:22.054Z"}
{"message":"Mapped {/login, POST} route, RouterExplorer","level":"info","timestamp":"2021-07-04T14:01:22.061Z"}
{"message":"UsersController {/users}:, RoutesResolver","level":"info","timestamp":"2021-07-04T14:01:22.065Z"}
{"message":"Mapped {/users, GET} route, RouterExplorer","level":"info","timestamp":"2021-07-04T14:01:22.067Z"}
{"message":"Mapped {/users/:id, GET} route, RouterExplorer","level":"info","timestamp":"2021-07-04T14:01:22.069Z"}
{"message":"Mapped {/users, POST} route, RouterExplorer","level":"info","timestamp":"2021-07-04T14:01:22.071Z"}
{"message":"Mapped {/users/:id, PUT} route, RouterExplorer","level":"info","timestamp":"2021-07-04T14:01:22.073Z"}
{"message":"Mapped {/users/:id, DELETE} route, RouterExplorer","level":"info","timestamp":"2021-07-04T14:01:22.074Z"}
{"message":"TasksController {/boards/:boardId/tasks}:, RoutesResolver","level":"info","timestamp":"2021-07-04T14:01:22.082Z"}
{"message":"Mapped {/boards/:boardId/tasks, GET} route, RouterExplorer","level":"info","timestamp":"2021-07-04T14:01:22.086Z"}
{"message":"Mapped {/boards/:boardId/tasks/:id, GET} route, RouterExplorer","level":"info","timestamp":"2021-07-04T14:01:22.091Z"}
{"message":"Mapped {/boards/:boardId/tasks, POST} route, RouterExplorer","level":"info","timestamp":"2021-07-04T14:01:22.093Z"}
{"message":"Mapped {/boards/:boardId/tasks/:id, PUT} route, RouterExplorer","level":"info","timestamp":"2021-07-04T14:01:22.094Z"}
{"message":"Mapped {/boards/:boardId/tasks/:id, DELETE} route, RouterExplorer","level":"info","timestamp":"2021-07-04T14:01:22.096Z"}
{"message":"BoardsController {/boards}:, RoutesResolver","level":"info","timestamp":"2021-07-04T14:01:22.097Z"}
{"message":"Mapped {/boards, GET} route, RouterExplorer","level":"info","timestamp":"2021-07-04T14:01:22.101Z"}
{"message":"Mapped {/boards/:id, GET} route, RouterExplorer","level":"info","timestamp":"2021-07-04T14:01:22.103Z"}
{"message":"Mapped {/boards, POST} route, RouterExplorer","level":"info","timestamp":"2021-07-04T14:01:22.104Z"}
{"message":"Mapped {/boards/:id, PUT} route, RouterExplorer","level":"info","timestamp":"2021-07-04T14:01:22.105Z"}
{"message":"Mapped {/boards/:id, DELETE} route, RouterExplorer","level":"info","timestamp":"2021-07-04T14:01:22.107Z"}
{"message":"Nest application successfully started, NestApplication","level":"info","timestamp":"2021-07-04T14:01:22.118Z"}
{"message":"Starting Nest application...","level":"info","timestamp":"2021-07-04T14:02:20.090Z"}
{"message":"PassportModule dependencies initialized","level":"info","timestamp":"2021-07-04T14:02:20.190Z"}
{"message":"TypeOrmModule dependencies initialized","level":"info","timestamp":"2021-07-04T14:02:20.191Z"}
{"message":"JwtModule dependencies initialized","level":"info","timestamp":"2021-07-04T14:02:20.192Z"}
{"message":"ConfigHostModule dependencies initialized","level":"info","timestamp":"2021-07-04T14:02:20.193Z"}
{"message":"ConfigModule dependencies initialized","level":"info","timestamp":"2021-07-04T14:02:20.194Z"}
{"message":"ConfigModule dependencies initialized","level":"info","timestamp":"2021-07-04T14:02:20.194Z"}
{"message":"TypeOrmCoreModule dependencies initialized","level":"info","timestamp":"2021-07-04T14:02:20.399Z"}
{"message":"TypeOrmModule dependencies initialized","level":"info","timestamp":"2021-07-04T14:02:20.400Z"}
{"message":"TypeOrmModule dependencies initialized","level":"info","timestamp":"2021-07-04T14:02:20.401Z"}
{"message":"TypeOrmModule dependencies initialized","level":"info","timestamp":"2021-07-04T14:02:20.401Z"}
{"message":"AppModule dependencies initialized","level":"info","timestamp":"2021-07-04T14:02:20.402Z"}
{"message":"TasksModule dependencies initialized","level":"info","timestamp":"2021-07-04T14:02:20.404Z"}
{"message":"UsersModule dependencies initialized","level":"info","timestamp":"2021-07-04T14:02:20.404Z"}
{"message":"BoardsModule dependencies initialized","level":"info","timestamp":"2021-07-04T14:02:20.405Z"}
{"message":"AuthModule dependencies initialized","level":"info","timestamp":"2021-07-04T14:02:20.406Z"}
{"message":"AuthController {}:","level":"info","timestamp":"2021-07-04T14:02:20.563Z"}
{"message":"Mapped {/login, POST} route","level":"info","timestamp":"2021-07-04T14:02:20.572Z"}
{"message":"UsersController {/users}:","level":"info","timestamp":"2021-07-04T14:02:20.573Z"}
{"message":"Mapped {/users, GET} route","level":"info","timestamp":"2021-07-04T14:02:20.574Z"}
{"message":"Mapped {/users/:id, GET} route","level":"info","timestamp":"2021-07-04T14:02:20.576Z"}
{"message":"Mapped {/users, POST} route","level":"info","timestamp":"2021-07-04T14:02:20.577Z"}
{"message":"Mapped {/users/:id, PUT} route","level":"info","timestamp":"2021-07-04T14:02:20.582Z"}
{"message":"Mapped {/users/:id, DELETE} route","level":"info","timestamp":"2021-07-04T14:02:20.587Z"}
{"message":"TasksController {/boards/:boardId/tasks}:","level":"info","timestamp":"2021-07-04T14:02:20.589Z"}
{"message":"Mapped {/boards/:boardId/tasks, GET} route","level":"info","timestamp":"2021-07-04T14:02:20.591Z"}
{"message":"Mapped {/boards/:boardId/tasks/:id, GET} route","level":"info","timestamp":"2021-07-04T14:02:20.595Z"}
{"message":"Mapped {/boards/:boardId/tasks, POST} route","level":"info","timestamp":"2021-07-04T14:02:20.597Z"}
{"message":"Mapped {/boards/:boardId/tasks/:id, PUT} route","level":"info","timestamp":"2021-07-04T14:02:20.600Z"}
{"message":"Mapped {/boards/:boardId/tasks/:id, DELETE} route","level":"info","timestamp":"2021-07-04T14:02:20.602Z"}
{"message":"BoardsController {/boards}:","level":"info","timestamp":"2021-07-04T14:02:20.604Z"}
{"message":"Mapped {/boards, GET} route","level":"info","timestamp":"2021-07-04T14:02:20.606Z"}
{"message":"Mapped {/boards/:id, GET} route","level":"info","timestamp":"2021-07-04T14:02:20.609Z"}
{"message":"Mapped {/boards, POST} route","level":"info","timestamp":"2021-07-04T14:02:20.611Z"}
{"message":"Mapped {/boards/:id, PUT} route","level":"info","timestamp":"2021-07-04T14:02:20.612Z"}
{"message":"Mapped {/boards/:id, DELETE} route","level":"info","timestamp":"2021-07-04T14:02:20.616Z"}
{"message":"Nest application successfully started","level":"info","timestamp":"2021-07-04T14:02:20.623Z"}
{"message":"Starting Nest application...","level":"info","timestamp":"2021-07-04T14:02:48.416Z"}
{"message":"PassportModule dependencies initialized","level":"info","timestamp":"2021-07-04T14:02:48.479Z"}
{"message":"TypeOrmModule dependencies initialized","level":"info","timestamp":"2021-07-04T14:02:48.480Z"}
{"message":"JwtModule dependencies initialized","level":"info","timestamp":"2021-07-04T14:02:48.480Z"}
{"message":"ConfigHostModule dependencies initialized","level":"info","timestamp":"2021-07-04T14:02:48.480Z"}
{"message":"ConfigModule dependencies initialized","level":"info","timestamp":"2021-07-04T14:02:48.481Z"}
{"message":"ConfigModule dependencies initialized","level":"info","timestamp":"2021-07-04T14:02:48.481Z"}
{"message":"TypeOrmCoreModule dependencies initialized","level":"info","timestamp":"2021-07-04T14:02:48.656Z"}
{"message":"TypeOrmModule dependencies initialized","level":"info","timestamp":"2021-07-04T14:02:48.656Z"}
{"message":"TypeOrmModule dependencies initialized","level":"info","timestamp":"2021-07-04T14:02:48.656Z"}
{"message":"TypeOrmModule dependencies initialized","level":"info","timestamp":"2021-07-04T14:02:48.656Z"}
{"message":"AppModule dependencies initialized","level":"info","timestamp":"2021-07-04T14:02:48.657Z"}
{"message":"TasksModule dependencies initialized","level":"info","timestamp":"2021-07-04T14:02:48.657Z"}
{"message":"UsersModule dependencies initialized","level":"info","timestamp":"2021-07-04T14:02:48.657Z"}
{"message":"BoardsModule dependencies initialized","level":"info","timestamp":"2021-07-04T14:02:48.658Z"}
{"message":"AuthModule dependencies initialized","level":"info","timestamp":"2021-07-04T14:02:48.658Z"}
{"message":"AuthController {}:","level":"info","timestamp":"2021-07-04T14:02:48.763Z"}
{"message":"Mapped {/login, POST} route","level":"info","timestamp":"2021-07-04T14:02:48.765Z"}
{"message":"UsersController {/users}:","level":"info","timestamp":"2021-07-04T14:02:48.766Z"}
{"message":"Mapped {/users, GET} route","level":"info","timestamp":"2021-07-04T14:02:48.766Z"}
{"message":"Mapped {/users/:id, GET} route","level":"info","timestamp":"2021-07-04T14:02:48.766Z"}
{"message":"Mapped {/users, POST} route","level":"info","timestamp":"2021-07-04T14:02:48.766Z"}
{"message":"Mapped {/users/:id, PUT} route","level":"info","timestamp":"2021-07-04T14:02:48.767Z"}
{"message":"Mapped {/users/:id, DELETE} route","level":"info","timestamp":"2021-07-04T14:02:48.767Z"}
{"message":"TasksController {/boards/:boardId/tasks}:","level":"info","timestamp":"2021-07-04T14:02:48.767Z"}
{"message":"Mapped {/boards/:boardId/tasks, GET} route","level":"info","timestamp":"2021-07-04T14:02:48.767Z"}
{"message":"Mapped {/boards/:boardId/tasks/:id, GET} route","level":"info","timestamp":"2021-07-04T14:02:48.767Z"}
{"message":"Mapped {/boards/:boardId/tasks, POST} route","level":"info","timestamp":"2021-07-04T14:02:48.768Z"}
{"message":"Mapped {/boards/:boardId/tasks/:id, PUT} route","level":"info","timestamp":"2021-07-04T14:02:48.768Z"}
{"message":"Mapped {/boards/:boardId/tasks/:id, DELETE} route","level":"info","timestamp":"2021-07-04T14:02:48.768Z"}
{"message":"BoardsController {/boards}:","level":"info","timestamp":"2021-07-04T14:02:48.768Z"}
{"message":"Mapped {/boards, GET} route","level":"info","timestamp":"2021-07-04T14:02:48.768Z"}
{"message":"Mapped {/boards/:id, GET} route","level":"info","timestamp":"2021-07-04T14:02:48.768Z"}
{"message":"Mapped {/boards, POST} route","level":"info","timestamp":"2021-07-04T14:02:48.769Z"}
{"message":"Mapped {/boards/:id, PUT} route","level":"info","timestamp":"2021-07-04T14:02:48.769Z"}
{"message":"Mapped {/boards/:id, DELETE} route","level":"info","timestamp":"2021-07-04T14:02:48.769Z"}
{"message":"Nest application successfully started","level":"info","timestamp":"2021-07-04T14:02:48.771Z"}
{"message":"Starting Nest application...","level":"info","timestamp":"2021-07-04T14:02:59.576Z"}
{"message":"PassportModule dependencies initialized","level":"info","timestamp":"2021-07-04T14:02:59.665Z"}
{"message":"TypeOrmModule dependencies initialized","level":"info","timestamp":"2021-07-04T14:02:59.666Z"}
{"message":"JwtModule dependencies initialized","level":"info","timestamp":"2021-07-04T14:02:59.667Z"}
{"message":"ConfigHostModule dependencies initialized","level":"info","timestamp":"2021-07-04T14:02:59.668Z"}
{"message":"ConfigModule dependencies initialized","level":"info","timestamp":"2021-07-04T14:02:59.669Z"}
{"message":"ConfigModule dependencies initialized","level":"info","timestamp":"2021-07-04T14:02:59.670Z"}
{"message":"TypeOrmCoreModule dependencies initialized","level":"info","timestamp":"2021-07-04T14:02:59.881Z"}
{"message":"TypeOrmModule dependencies initialized","level":"info","timestamp":"2021-07-04T14:02:59.882Z"}
{"message":"TypeOrmModule dependencies initialized","level":"info","timestamp":"2021-07-04T14:02:59.883Z"}
{"message":"TypeOrmModule dependencies initialized","level":"info","timestamp":"2021-07-04T14:02:59.884Z"}
{"message":"AppModule dependencies initialized","level":"info","timestamp":"2021-07-04T14:02:59.886Z"}
{"message":"TasksModule dependencies initialized","level":"info","timestamp":"2021-07-04T14:02:59.888Z"}
{"message":"UsersModule dependencies initialized","level":"info","timestamp":"2021-07-04T14:02:59.889Z"}
{"message":"BoardsModule dependencies initialized","level":"info","timestamp":"2021-07-04T14:02:59.890Z"}
{"message":"AuthModule dependencies initialized","level":"info","timestamp":"2021-07-04T14:02:59.891Z"}
{"message":"AuthController {}:","level":"info","timestamp":"2021-07-04T14:03:00.019Z"}
{"message":"Mapped {/login, POST} route","level":"info","timestamp":"2021-07-04T14:03:00.023Z"}
{"message":"UsersController {/users}:","level":"info","timestamp":"2021-07-04T14:03:00.024Z"}
{"message":"Mapped {/users, GET} route","level":"info","timestamp":"2021-07-04T14:03:00.026Z"}
{"message":"Mapped {/users/:id, GET} route","level":"info","timestamp":"2021-07-04T14:03:00.027Z"}
{"message":"Mapped {/users, POST} route","level":"info","timestamp":"2021-07-04T14:03:00.029Z"}
{"message":"Mapped {/users/:id, PUT} route","level":"info","timestamp":"2021-07-04T14:03:00.031Z"}
{"message":"Mapped {/users/:id, DELETE} route","level":"info","timestamp":"2021-07-04T14:03:00.037Z"}
{"message":"TasksController {/boards/:boardId/tasks}:","level":"info","timestamp":"2021-07-04T14:03:00.038Z"}
{"message":"Mapped {/boards/:boardId/tasks, GET} route","level":"info","timestamp":"2021-07-04T14:03:00.039Z"}
{"message":"Mapped {/boards/:boardId/tasks/:id, GET} route","level":"info","timestamp":"2021-07-04T14:03:00.041Z"}
{"message":"Mapped {/boards/:boardId/tasks, POST} route","level":"info","timestamp":"2021-07-04T14:03:00.044Z"}
{"message":"Mapped {/boards/:boardId/tasks/:id, PUT} route","level":"info","timestamp":"2021-07-04T14:03:00.046Z"}
{"message":"Mapped {/boards/:boardId/tasks/:id, DELETE} route","level":"info","timestamp":"2021-07-04T14:03:00.047Z"}
{"message":"BoardsController {/boards}:","level":"info","timestamp":"2021-07-04T14:03:00.048Z"}
{"message":"Mapped {/boards, GET} route","level":"info","timestamp":"2021-07-04T14:03:00.050Z"}
{"message":"Mapped {/boards/:id, GET} route","level":"info","timestamp":"2021-07-04T14:03:00.051Z"}
{"message":"Mapped {/boards, POST} route","level":"info","timestamp":"2021-07-04T14:03:00.054Z"}
{"message":"Mapped {/boards/:id, PUT} route","level":"info","timestamp":"2021-07-04T14:03:00.055Z"}
{"message":"Mapped {/boards/:id, DELETE} route","level":"info","timestamp":"2021-07-04T14:03:00.057Z"}
{"message":"Nest application successfully started","level":"info","timestamp":"2021-07-04T14:03:00.061Z"}
{"message":"Starting Nest application..., NestFactory","level":"info","timestamp":"2021-07-04T14:03:45.823Z"}
{"message":"PassportModule dependencies initialized, InstanceLoader","level":"info","timestamp":"2021-07-04T14:03:45.916Z"}
{"message":"TypeOrmModule dependencies initialized, InstanceLoader","level":"info","timestamp":"2021-07-04T14:03:45.917Z"}
{"message":"JwtModule dependencies initialized, InstanceLoader","level":"info","timestamp":"2021-07-04T14:03:45.918Z"}
{"message":"ConfigHostModule dependencies initialized, InstanceLoader","level":"info","timestamp":"2021-07-04T14:03:45.919Z"}
{"message":"ConfigModule dependencies initialized, InstanceLoader","level":"info","timestamp":"2021-07-04T14:03:45.919Z"}
{"message":"ConfigModule dependencies initialized, InstanceLoader","level":"info","timestamp":"2021-07-04T14:03:45.920Z"}
{"message":"TypeOrmCoreModule dependencies initialized, InstanceLoader","level":"info","timestamp":"2021-07-04T14:03:46.147Z"}
{"message":"TypeOrmModule dependencies initialized, InstanceLoader","level":"info","timestamp":"2021-07-04T14:03:46.148Z"}
{"message":"TypeOrmModule dependencies initialized, InstanceLoader","level":"info","timestamp":"2021-07-04T14:03:46.149Z"}
{"message":"TypeOrmModule dependencies initialized, InstanceLoader","level":"info","timestamp":"2021-07-04T14:03:46.150Z"}
{"message":"AppModule dependencies initialized, InstanceLoader","level":"info","timestamp":"2021-07-04T14:03:46.151Z"}
{"message":"TasksModule dependencies initialized, InstanceLoader","level":"info","timestamp":"2021-07-04T14:03:46.153Z"}
{"message":"UsersModule dependencies initialized, InstanceLoader","level":"info","timestamp":"2021-07-04T14:03:46.154Z"}
{"message":"BoardsModule dependencies initialized, InstanceLoader","level":"info","timestamp":"2021-07-04T14:03:46.155Z"}
{"message":"AuthModule dependencies initialized, InstanceLoader","level":"info","timestamp":"2021-07-04T14:03:46.156Z"}
{"message":"AuthController {}:, RoutesResolver","level":"info","timestamp":"2021-07-04T14:03:46.270Z"}
{"message":"Mapped {/login, POST} route, RouterExplorer","level":"info","timestamp":"2021-07-04T14:03:46.277Z"}
{"message":"UsersController {/users}:, RoutesResolver","level":"info","timestamp":"2021-07-04T14:03:46.278Z"}
{"message":"Mapped {/users, GET} route, RouterExplorer","level":"info","timestamp":"2021-07-04T14:03:46.281Z"}
{"message":"Mapped {/users/:id, GET} route, RouterExplorer","level":"info","timestamp":"2021-07-04T14:03:46.284Z"}
{"message":"Mapped {/users, POST} route, RouterExplorer","level":"info","timestamp":"2021-07-04T14:03:46.285Z"}
{"message":"Mapped {/users/:id, PUT} route, RouterExplorer","level":"info","timestamp":"2021-07-04T14:03:46.287Z"}
{"message":"Mapped {/users/:id, DELETE} route, RouterExplorer","level":"info","timestamp":"2021-07-04T14:03:46.289Z"}
{"message":"TasksController {/boards/:boardId/tasks}:, RoutesResolver","level":"info","timestamp":"2021-07-04T14:03:46.290Z"}
{"message":"Mapped {/boards/:boardId/tasks, GET} route, RouterExplorer","level":"info","timestamp":"2021-07-04T14:03:46.292Z"}
{"message":"Mapped {/boards/:boardId/tasks/:id, GET} route, RouterExplorer","level":"info","timestamp":"2021-07-04T14:03:46.293Z"}
{"message":"Mapped {/boards/:boardId/tasks, POST} route, RouterExplorer","level":"info","timestamp":"2021-07-04T14:03:46.294Z"}
{"message":"Mapped {/boards/:boardId/tasks/:id, PUT} route, RouterExplorer","level":"info","timestamp":"2021-07-04T14:03:46.295Z"}
{"message":"Mapped {/boards/:boardId/tasks/:id, DELETE} route, RouterExplorer","level":"info","timestamp":"2021-07-04T14:03:46.297Z"}
{"message":"BoardsController {/boards}:, RoutesResolver","level":"info","timestamp":"2021-07-04T14:03:46.300Z"}
{"message":"Mapped {/boards, GET} route, RouterExplorer","level":"info","timestamp":"2021-07-04T14:03:46.302Z"}
{"message":"Mapped {/boards/:id, GET} route, RouterExplorer","level":"info","timestamp":"2021-07-04T14:03:46.303Z"}
{"message":"Mapped {/boards, POST} route, RouterExplorer","level":"info","timestamp":"2021-07-04T14:03:46.305Z"}
{"message":"Mapped {/boards/:id, PUT} route, RouterExplorer","level":"info","timestamp":"2021-07-04T14:03:46.306Z"}
{"message":"Mapped {/boards/:id, DELETE} route, RouterExplorer","level":"info","timestamp":"2021-07-04T14:03:46.307Z"}
{"message":"Nest application successfully started, NestApplication","level":"info","timestamp":"2021-07-04T14:03:46.311Z"}
{"message":"Starting Nest application...","level":"info","timestamp":"2021-07-04T17:55:11.272Z"}
{"message":"PassportModule dependencies initialized","level":"info","timestamp":"2021-07-04T17:55:11.356Z"}
{"message":"TypeOrmModule dependencies initialized","level":"info","timestamp":"2021-07-04T17:55:11.356Z"}
{"message":"JwtModule dependencies initialized","level":"info","timestamp":"2021-07-04T17:55:11.357Z"}
{"message":"ConfigHostModule dependencies initialized","level":"info","timestamp":"2021-07-04T17:55:11.357Z"}
{"message":"ConfigModule dependencies initialized","level":"info","timestamp":"2021-07-04T17:55:11.357Z"}
{"message":"ConfigModule dependencies initialized","level":"info","timestamp":"2021-07-04T17:55:11.357Z"}
{"message":"TypeOrmCoreModule dependencies initialized","level":"info","timestamp":"2021-07-04T17:55:11.576Z"}
{"message":"TypeOrmModule dependencies initialized","level":"info","timestamp":"2021-07-04T17:55:11.576Z"}
{"message":"TypeOrmModule dependencies initialized","level":"info","timestamp":"2021-07-04T17:55:11.576Z"}
{"message":"TypeOrmModule dependencies initialized","level":"info","timestamp":"2021-07-04T17:55:11.576Z"}
{"message":"AppModule dependencies initialized","level":"info","timestamp":"2021-07-04T17:55:11.576Z"}
{"message":"TasksModule dependencies initialized","level":"info","timestamp":"2021-07-04T17:55:11.577Z"}
{"message":"UsersModule dependencies initialized","level":"info","timestamp":"2021-07-04T17:55:11.578Z"}
{"message":"BoardsModule dependencies initialized","level":"info","timestamp":"2021-07-04T17:55:11.578Z"}
{"message":"AuthModule dependencies initialized","level":"info","timestamp":"2021-07-04T17:55:11.578Z"}
{"message":"AuthController {}:","level":"info","timestamp":"2021-07-04T17:55:11.688Z"}
{"message":"Mapped {/login, POST} route","level":"info","timestamp":"2021-07-04T17:55:11.690Z"}
{"message":"UsersController {/users}:","level":"info","timestamp":"2021-07-04T17:55:11.690Z"}
{"message":"Mapped {/users, GET} route","level":"info","timestamp":"2021-07-04T17:55:11.691Z"}
{"message":"Mapped {/users/:id, GET} route","level":"info","timestamp":"2021-07-04T17:55:11.691Z"}
{"message":"Mapped {/users, POST} route","level":"info","timestamp":"2021-07-04T17:55:11.691Z"}
{"message":"Mapped {/users/:id, PUT} route","level":"info","timestamp":"2021-07-04T17:55:11.692Z"}
{"message":"Mapped {/users/:id, DELETE} route","level":"info","timestamp":"2021-07-04T17:55:11.692Z"}
{"message":"TasksController {/boards/:boardId/tasks}:","level":"info","timestamp":"2021-07-04T17:55:11.692Z"}
{"message":"Mapped {/boards/:boardId/tasks, GET} route","level":"info","timestamp":"2021-07-04T17:55:11.692Z"}
{"message":"Mapped {/boards/:boardId/tasks/:id, GET} route","level":"info","timestamp":"2021-07-04T17:55:11.693Z"}
{"message":"Mapped {/boards/:boardId/tasks, POST} route","level":"info","timestamp":"2021-07-04T17:55:11.693Z"}
{"message":"Mapped {/boards/:boardId/tasks/:id, PUT} route","level":"info","timestamp":"2021-07-04T17:55:11.693Z"}
{"message":"Mapped {/boards/:boardId/tasks/:id, DELETE} route","level":"info","timestamp":"2021-07-04T17:55:11.693Z"}
{"message":"BoardsController {/boards}:","level":"info","timestamp":"2021-07-04T17:55:11.694Z"}
{"message":"Mapped {/boards, GET} route","level":"info","timestamp":"2021-07-04T17:55:11.694Z"}
{"message":"Mapped {/boards/:id, GET} route","level":"info","timestamp":"2021-07-04T17:55:11.694Z"}
{"message":"Mapped {/boards, POST} route","level":"info","timestamp":"2021-07-04T17:55:11.694Z"}
{"message":"Mapped {/boards/:id, PUT} route","level":"info","timestamp":"2021-07-04T17:55:11.695Z"}
{"message":"Mapped {/boards/:id, DELETE} route","level":"info","timestamp":"2021-07-04T17:55:11.695Z"}
{"message":"Nest application successfully started","level":"info","timestamp":"2021-07-04T17:55:11.697Z"}
{"message":"Starting Nest application...","level":"info","timestamp":"2021-07-04T17:55:56.677Z"}
{"message":"PassportModule dependencies initialized","level":"info","timestamp":"2021-07-04T17:55:56.734Z"}
{"message":"TypeOrmModule dependencies initialized","level":"info","timestamp":"2021-07-04T17:55:56.734Z"}
{"message":"JwtModule dependencies initialized","level":"info","timestamp":"2021-07-04T17:55:56.735Z"}
{"message":"ConfigHostModule dependencies initialized","level":"info","timestamp":"2021-07-04T17:55:56.735Z"}
{"message":"ConfigModule dependencies initialized","level":"info","timestamp":"2021-07-04T17:55:56.736Z"}
{"message":"ConfigModule dependencies initialized","level":"info","timestamp":"2021-07-04T17:55:56.736Z"}
{"message":"TypeOrmCoreModule dependencies initialized","level":"info","timestamp":"2021-07-04T17:55:56.978Z"}
{"message":"TypeOrmModule dependencies initialized","level":"info","timestamp":"2021-07-04T17:55:56.978Z"}
{"message":"TypeOrmModule dependencies initialized","level":"info","timestamp":"2021-07-04T17:55:56.979Z"}
{"message":"TypeOrmModule dependencies initialized","level":"info","timestamp":"2021-07-04T17:55:56.979Z"}
{"message":"AppModule dependencies initialized","level":"info","timestamp":"2021-07-04T17:55:56.979Z"}
{"message":"TasksModule dependencies initialized","level":"info","timestamp":"2021-07-04T17:55:56.981Z"}
{"message":"UsersModule dependencies initialized","level":"info","timestamp":"2021-07-04T17:55:56.981Z"}
{"message":"BoardsModule dependencies initialized","level":"info","timestamp":"2021-07-04T17:55:56.981Z"}
{"message":"AuthModule dependencies initialized","level":"info","timestamp":"2021-07-04T17:55:56.981Z"}
{"message":"AuthController {}:","level":"info","timestamp":"2021-07-04T17:55:57.158Z"}
{"message":"Mapped {/login, POST} route","level":"info","timestamp":"2021-07-04T17:55:57.161Z"}
{"message":"UsersController {/users}:","level":"info","timestamp":"2021-07-04T17:55:57.161Z"}
{"message":"Mapped {/users, GET} route","level":"info","timestamp":"2021-07-04T17:55:57.162Z"}
{"message":"Mapped {/users/:id, GET} route","level":"info","timestamp":"2021-07-04T17:55:57.162Z"}
{"message":"Mapped {/users, POST} route","level":"info","timestamp":"2021-07-04T17:55:57.163Z"}
{"message":"Mapped {/users/:id, PUT} route","level":"info","timestamp":"2021-07-04T17:55:57.163Z"}
{"message":"Mapped {/users/:id, DELETE} route","level":"info","timestamp":"2021-07-04T17:55:57.163Z"}
{"message":"TasksController {/boards/:boardId/tasks}:","level":"info","timestamp":"2021-07-04T17:55:57.164Z"}
{"message":"Mapped {/boards/:boardId/tasks, GET} route","level":"info","timestamp":"2021-07-04T17:55:57.164Z"}
{"message":"Mapped {/boards/:boardId/tasks/:id, GET} route","level":"info","timestamp":"2021-07-04T17:55:57.164Z"}
{"message":"Mapped {/boards/:boardId/tasks, POST} route","level":"info","timestamp":"2021-07-04T17:55:57.164Z"}
{"message":"Mapped {/boards/:boardId/tasks/:id, PUT} route","level":"info","timestamp":"2021-07-04T17:55:57.165Z"}
{"message":"Mapped {/boards/:boardId/tasks/:id, DELETE} route","level":"info","timestamp":"2021-07-04T17:55:57.165Z"}
{"message":"BoardsController {/boards}:","level":"info","timestamp":"2021-07-04T17:55:57.165Z"}
{"message":"Mapped {/boards, GET} route","level":"info","timestamp":"2021-07-04T17:55:57.165Z"}
{"message":"Mapped {/boards/:id, GET} route","level":"info","timestamp":"2021-07-04T17:55:57.166Z"}
{"message":"Mapped {/boards, POST} route","level":"info","timestamp":"2021-07-04T17:55:57.166Z"}
{"message":"Mapped {/boards/:id, PUT} route","level":"info","timestamp":"2021-07-04T17:55:57.166Z"}
{"message":"Mapped {/boards/:id, DELETE} route","level":"info","timestamp":"2021-07-04T17:55:57.166Z"}
{"message":"Nest application successfully started","level":"info","timestamp":"2021-07-04T17:55:57.169Z"}
{"message":"Starting Nest application...","level":"info","timestamp":"2021-07-04T17:56:00.212Z"}
{"message":"PassportModule dependencies initialized","level":"info","timestamp":"2021-07-04T17:56:00.277Z"}
{"message":"TypeOrmModule dependencies initialized","level":"info","timestamp":"2021-07-04T17:56:00.278Z"}
{"message":"JwtModule dependencies initialized","level":"info","timestamp":"2021-07-04T17:56:00.285Z"}
{"message":"ConfigHostModule dependencies initialized","level":"info","timestamp":"2021-07-04T17:56:00.286Z"}
{"message":"ConfigModule dependencies initialized","level":"info","timestamp":"2021-07-04T17:56:00.286Z"}
{"message":"ConfigModule dependencies initialized","level":"info","timestamp":"2021-07-04T17:56:00.286Z"}
{"message":"TypeOrmCoreModule dependencies initialized","level":"info","timestamp":"2021-07-04T17:56:00.504Z"}
{"message":"TypeOrmModule dependencies initialized","level":"info","timestamp":"2021-07-04T17:56:00.504Z"}
{"message":"TypeOrmModule dependencies initialized","level":"info","timestamp":"2021-07-04T17:56:00.505Z"}
{"message":"TypeOrmModule dependencies initialized","level":"info","timestamp":"2021-07-04T17:56:00.505Z"}
{"message":"AppModule dependencies initialized","level":"info","timestamp":"2021-07-04T17:56:00.505Z"}
{"message":"TasksModule dependencies initialized","level":"info","timestamp":"2021-07-04T17:56:00.506Z"}
{"message":"UsersModule dependencies initialized","level":"info","timestamp":"2021-07-04T17:56:00.507Z"}
{"message":"BoardsModule dependencies initialized","level":"info","timestamp":"2021-07-04T17:56:00.507Z"}
{"message":"AuthModule dependencies initialized","level":"info","timestamp":"2021-07-04T17:56:00.507Z"}
{"message":"AuthController {}:","level":"info","timestamp":"2021-07-04T17:56:00.619Z"}
{"message":"Mapped {/login, POST} route","level":"info","timestamp":"2021-07-04T17:56:00.622Z"}
{"message":"UsersController {/users}:","level":"info","timestamp":"2021-07-04T17:56:00.623Z"}
{"message":"Mapped {/users, GET} route","level":"info","timestamp":"2021-07-04T17:56:00.624Z"}
{"message":"Mapped {/users/:id, GET} route","level":"info","timestamp":"2021-07-04T17:56:00.624Z"}
{"message":"Mapped {/users, POST} route","level":"info","timestamp":"2021-07-04T17:56:00.625Z"}
{"message":"Mapped {/users/:id, PUT} route","level":"info","timestamp":"2021-07-04T17:56:00.625Z"}
{"message":"Mapped {/users/:id, DELETE} route","level":"info","timestamp":"2021-07-04T17:56:00.625Z"}
{"message":"TasksController {/boards/:boardId/tasks}:","level":"info","timestamp":"2021-07-04T17:56:00.626Z"}
{"message":"Mapped {/boards/:boardId/tasks, GET} route","level":"info","timestamp":"2021-07-04T17:56:00.626Z"}
{"message":"Mapped {/boards/:boardId/tasks/:id, GET} route","level":"info","timestamp":"2021-07-04T17:56:00.626Z"}
{"message":"Mapped {/boards/:boardId/tasks, POST} route","level":"info","timestamp":"2021-07-04T17:56:00.626Z"}
{"message":"Mapped {/boards/:boardId/tasks/:id, PUT} route","level":"info","timestamp":"2021-07-04T17:56:00.627Z"}
{"message":"Mapped {/boards/:boardId/tasks/:id, DELETE} route","level":"info","timestamp":"2021-07-04T17:56:00.627Z"}
{"message":"BoardsController {/boards}:","level":"info","timestamp":"2021-07-04T17:56:00.627Z"}
{"message":"Mapped {/boards, GET} route","level":"info","timestamp":"2021-07-04T17:56:00.627Z"}
{"message":"Mapped {/boards/:id, GET} route","level":"info","timestamp":"2021-07-04T17:56:00.627Z"}
{"message":"Mapped {/boards, POST} route","level":"info","timestamp":"2021-07-04T17:56:00.628Z"}
{"message":"Mapped {/boards/:id, PUT} route","level":"info","timestamp":"2021-07-04T17:56:00.628Z"}
{"message":"Mapped {/boards/:id, DELETE} route","level":"info","timestamp":"2021-07-04T17:56:00.628Z"}
{"message":"Nest application successfully started","level":"info","timestamp":"2021-07-04T17:56:00.630Z"}
{"message":"Starting Nest application...","level":"info","timestamp":"2021-07-04T17:56:23.007Z"}
{"message":"PassportModule dependencies initialized","level":"info","timestamp":"2021-07-04T17:56:23.078Z"}
{"message":"TypeOrmModule dependencies initialized","level":"info","timestamp":"2021-07-04T17:56:23.078Z"}
{"message":"JwtModule dependencies initialized","level":"info","timestamp":"2021-07-04T17:56:23.079Z"}
{"message":"ConfigHostModule dependencies initialized","level":"info","timestamp":"2021-07-04T17:56:23.079Z"}
{"message":"ConfigModule dependencies initialized","level":"info","timestamp":"2021-07-04T17:56:23.080Z"}
{"message":"ConfigModule dependencies initialized","level":"info","timestamp":"2021-07-04T17:56:23.080Z"}
{"message":"TypeOrmCoreModule dependencies initialized","level":"info","timestamp":"2021-07-04T17:56:23.293Z"}
{"message":"TypeOrmModule dependencies initialized","level":"info","timestamp":"2021-07-04T17:56:23.293Z"}
{"message":"TypeOrmModule dependencies initialized","level":"info","timestamp":"2021-07-04T17:56:23.293Z"}
{"message":"TypeOrmModule dependencies initialized","level":"info","timestamp":"2021-07-04T17:56:23.294Z"}
{"message":"AppModule dependencies initialized","level":"info","timestamp":"2021-07-04T17:56:23.294Z"}
{"message":"TasksModule dependencies initialized","level":"info","timestamp":"2021-07-04T17:56:23.295Z"}
{"message":"UsersModule dependencies initialized","level":"info","timestamp":"2021-07-04T17:56:23.295Z"}
{"message":"BoardsModule dependencies initialized","level":"info","timestamp":"2021-07-04T17:56:23.295Z"}
{"message":"AuthModule dependencies initialized","level":"info","timestamp":"2021-07-04T17:56:23.295Z"}
{"message":"AuthController {}:","level":"info","timestamp":"2021-07-04T17:56:23.407Z"}
{"message":"Mapped {/login, POST} route","level":"info","timestamp":"2021-07-04T17:56:23.409Z"}
{"message":"UsersController {/users}:","level":"info","timestamp":"2021-07-04T17:56:23.409Z"}
{"message":"Mapped {/users, GET} route","level":"info","timestamp":"2021-07-04T17:56:23.410Z"}
{"message":"Mapped {/users/:id, GET} route","level":"info","timestamp":"2021-07-04T17:56:23.410Z"}
{"message":"Mapped {/users, POST} route","level":"info","timestamp":"2021-07-04T17:56:23.410Z"}
{"message":"Mapped {/users/:id, PUT} route","level":"info","timestamp":"2021-07-04T17:56:23.411Z"}
{"message":"Mapped {/users/:id, DELETE} route","level":"info","timestamp":"2021-07-04T17:56:23.411Z"}
{"message":"TasksController {/boards/:boardId/tasks}:","level":"info","timestamp":"2021-07-04T17:56:23.411Z"}
{"message":"Mapped {/boards/:boardId/tasks, GET} route","level":"info","timestamp":"2021-07-04T17:56:23.411Z"}
{"message":"Mapped {/boards/:boardId/tasks/:id, GET} route","level":"info","timestamp":"2021-07-04T17:56:23.412Z"}
{"message":"Mapped {/boards/:boardId/tasks, POST} route","level":"info","timestamp":"2021-07-04T17:56:23.412Z"}
{"message":"Mapped {/boards/:boardId/tasks/:id, PUT} route","level":"info","timestamp":"2021-07-04T17:56:23.412Z"}
{"message":"Mapped {/boards/:boardId/tasks/:id, DELETE} route","level":"info","timestamp":"2021-07-04T17:56:23.412Z"}
{"message":"BoardsController {/boards}:","level":"info","timestamp":"2021-07-04T17:56:23.413Z"}
{"message":"Mapped {/boards, GET} route","level":"info","timestamp":"2021-07-04T17:56:23.413Z"}
{"message":"Mapped {/boards/:id, GET} route","level":"info","timestamp":"2021-07-04T17:56:23.413Z"}
{"message":"Mapped {/boards, POST} route","level":"info","timestamp":"2021-07-04T17:56:23.413Z"}
{"message":"Mapped {/boards/:id, PUT} route","level":"info","timestamp":"2021-07-04T17:56:23.413Z"}
{"message":"Mapped {/boards/:id, DELETE} route","level":"info","timestamp":"2021-07-04T17:56:23.414Z"}
{"message":"Nest application successfully started","level":"info","timestamp":"2021-07-04T17:56:23.416Z"}
{"message":"Starting Nest application...","level":"info","timestamp":"2021-07-04T17:56:34.412Z"}
{"message":"PassportModule dependencies initialized","level":"info","timestamp":"2021-07-04T17:56:34.474Z"}
{"message":"TypeOrmModule dependencies initialized","level":"info","timestamp":"2021-07-04T17:56:34.475Z"}
{"message":"JwtModule dependencies initialized","level":"info","timestamp":"2021-07-04T17:56:34.476Z"}
{"message":"ConfigHostModule dependencies initialized","level":"info","timestamp":"2021-07-04T17:56:34.476Z"}
{"message":"ConfigModule dependencies initialized","level":"info","timestamp":"2021-07-04T17:56:34.476Z"}
{"message":"ConfigModule dependencies initialized","level":"info","timestamp":"2021-07-04T17:56:34.477Z"}
{"message":"TypeOrmCoreModule dependencies initialized","level":"info","timestamp":"2021-07-04T17:56:34.671Z"}
{"message":"TypeOrmModule dependencies initialized","level":"info","timestamp":"2021-07-04T17:56:34.671Z"}
{"message":"TypeOrmModule dependencies initialized","level":"info","timestamp":"2021-07-04T17:56:34.671Z"}
{"message":"TypeOrmModule dependencies initialized","level":"info","timestamp":"2021-07-04T17:56:34.671Z"}
{"message":"AppModule dependencies initialized","level":"info","timestamp":"2021-07-04T17:56:34.671Z"}
{"message":"TasksModule dependencies initialized","level":"info","timestamp":"2021-07-04T17:56:34.673Z"}
{"message":"UsersModule dependencies initialized","level":"info","timestamp":"2021-07-04T17:56:34.673Z"}
{"message":"BoardsModule dependencies initialized","level":"info","timestamp":"2021-07-04T17:56:34.673Z"}
{"message":"AuthModule dependencies initialized","level":"info","timestamp":"2021-07-04T17:56:34.673Z"}
{"message":"AuthController {}:","level":"info","timestamp":"2021-07-04T17:56:34.783Z"}
{"message":"Mapped {/login, POST} route","level":"info","timestamp":"2021-07-04T17:56:34.785Z"}
{"message":"UsersController {/users}:","level":"info","timestamp":"2021-07-04T17:56:34.785Z"}
{"message":"Mapped {/users, GET} route","level":"info","timestamp":"2021-07-04T17:56:34.786Z"}
{"message":"Mapped {/users/:id, GET} route","level":"info","timestamp":"2021-07-04T17:56:34.786Z"}
{"message":"Mapped {/users, POST} route","level":"info","timestamp":"2021-07-04T17:56:34.786Z"}
{"message":"Mapped {/users/:id, PUT} route","level":"info","timestamp":"2021-07-04T17:56:34.787Z"}
{"message":"Mapped {/users/:id, DELETE} route","level":"info","timestamp":"2021-07-04T17:56:34.787Z"}
{"message":"TasksController {/boards/:boardId/tasks}:","level":"info","timestamp":"2021-07-04T17:56:34.787Z"}
{"message":"Mapped {/boards/:boardId/tasks, GET} route","level":"info","timestamp":"2021-07-04T17:56:34.787Z"}
{"message":"Mapped {/boards/:boardId/tasks/:id, GET} route","level":"info","timestamp":"2021-07-04T17:56:34.788Z"}
{"message":"Mapped {/boards/:boardId/tasks, POST} route","level":"info","timestamp":"2021-07-04T17:56:34.788Z"}
{"message":"Mapped {/boards/:boardId/tasks/:id, PUT} route","level":"info","timestamp":"2021-07-04T17:56:34.788Z"}
{"message":"Mapped {/boards/:boardId/tasks/:id, DELETE} route","level":"info","timestamp":"2021-07-04T17:56:34.788Z"}
{"message":"BoardsController {/boards}:","level":"info","timestamp":"2021-07-04T17:56:34.789Z"}
{"message":"Mapped {/boards, GET} route","level":"info","timestamp":"2021-07-04T17:56:34.789Z"}
{"message":"Mapped {/boards/:id, GET} route","level":"info","timestamp":"2021-07-04T17:56:34.789Z"}
{"message":"Mapped {/boards, POST} route","level":"info","timestamp":"2021-07-04T17:56:34.789Z"}
{"message":"Mapped {/boards/:id, PUT} route","level":"info","timestamp":"2021-07-04T17:56:34.789Z"}
{"message":"Mapped {/boards/:id, DELETE} route","level":"info","timestamp":"2021-07-04T17:56:34.790Z"}
{"message":"Nest application successfully started","level":"info","timestamp":"2021-07-04T17:56:34.792Z"}
{"message":"Starting Nest application...","level":"info","timestamp":"2021-07-04T17:56:39.024Z"}
{"message":"PassportModule dependencies initialized","level":"info","timestamp":"2021-07-04T17:56:39.082Z"}
{"message":"TypeOrmModule dependencies initialized","level":"info","timestamp":"2021-07-04T17:56:39.082Z"}
{"message":"JwtModule dependencies initialized","level":"info","timestamp":"2021-07-04T17:56:39.083Z"}
{"message":"ConfigHostModule dependencies initialized","level":"info","timestamp":"2021-07-04T17:56:39.084Z"}
{"message":"ConfigModule dependencies initialized","level":"info","timestamp":"2021-07-04T17:56:39.084Z"}
{"message":"ConfigModule dependencies initialized","level":"info","timestamp":"2021-07-04T17:56:39.084Z"}
{"message":"TypeOrmCoreModule dependencies initialized","level":"info","timestamp":"2021-07-04T17:56:39.332Z"}
{"message":"TypeOrmModule dependencies initialized","level":"info","timestamp":"2021-07-04T17:56:39.333Z"}
{"message":"TypeOrmModule dependencies initialized","level":"info","timestamp":"2021-07-04T17:56:39.333Z"}
{"message":"TypeOrmModule dependencies initialized","level":"info","timestamp":"2021-07-04T17:56:39.333Z"}
{"message":"AppModule dependencies initialized","level":"info","timestamp":"2021-07-04T17:56:39.333Z"}
{"message":"TasksModule dependencies initialized","level":"info","timestamp":"2021-07-04T17:56:39.334Z"}
{"message":"UsersModule dependencies initialized","level":"info","timestamp":"2021-07-04T17:56:39.335Z"}
{"message":"BoardsModule dependencies initialized","level":"info","timestamp":"2021-07-04T17:56:39.335Z"}
{"message":"AuthModule dependencies initialized","level":"info","timestamp":"2021-07-04T17:56:39.335Z"}
{"message":"AuthController {}:","level":"info","timestamp":"2021-07-04T17:56:39.450Z"}
{"message":"Mapped {/login, POST} route","level":"info","timestamp":"2021-07-04T17:56:39.453Z"}
{"message":"UsersController {/users}:","level":"info","timestamp":"2021-07-04T17:56:39.453Z"}
{"message":"Mapped {/users, GET} route","level":"info","timestamp":"2021-07-04T17:56:39.453Z"}
{"message":"Mapped {/users/:id, GET} route","level":"info","timestamp":"2021-07-04T17:56:39.454Z"}
{"message":"Mapped {/users, POST} route","level":"info","timestamp":"2021-07-04T17:56:39.454Z"}
{"message":"Mapped {/users/:id, PUT} route","level":"info","timestamp":"2021-07-04T17:56:39.454Z"}
{"message":"Mapped {/users/:id, DELETE} route","level":"info","timestamp":"2021-07-04T17:56:39.455Z"}
{"message":"TasksController {/boards/:boardId/tasks}:","level":"info","timestamp":"2021-07-04T17:56:39.455Z"}
{"message":"Mapped {/boards/:boardId/tasks, GET} route","level":"info","timestamp":"2021-07-04T17:56:39.455Z"}
{"message":"Mapped {/boards/:boardId/tasks/:id, GET} route","level":"info","timestamp":"2021-07-04T17:56:39.455Z"}
{"message":"Mapped {/boards/:boardId/tasks, POST} route","level":"info","timestamp":"2021-07-04T17:56:39.456Z"}
{"message":"Mapped {/boards/:boardId/tasks/:id, PUT} route","level":"info","timestamp":"2021-07-04T17:56:39.456Z"}
{"message":"Mapped {/boards/:boardId/tasks/:id, DELETE} route","level":"info","timestamp":"2021-07-04T17:56:39.456Z"}
{"message":"BoardsController {/boards}:","level":"info","timestamp":"2021-07-04T17:56:39.456Z"}
{"message":"Mapped {/boards, GET} route","level":"info","timestamp":"2021-07-04T17:56:39.457Z"}
{"message":"Mapped {/boards/:id, GET} route","level":"info","timestamp":"2021-07-04T17:56:39.457Z"}
{"message":"Mapped {/boards, POST} route","level":"info","timestamp":"2021-07-04T17:56:39.457Z"}
{"message":"Mapped {/boards/:id, PUT} route","level":"info","timestamp":"2021-07-04T17:56:39.457Z"}
{"message":"Mapped {/boards/:id, DELETE} route","level":"info","timestamp":"2021-07-04T17:56:39.457Z"}
{"message":"Nest application successfully started","level":"info","timestamp":"2021-07-04T17:56:39.460Z"}
{"message":"Starting Nest application...","level":"info","timestamp":"2021-07-04T17:56:45.499Z"}
{"message":"PassportModule dependencies initialized","level":"info","timestamp":"2021-07-04T17:56:45.562Z"}
{"message":"TypeOrmModule dependencies initialized","level":"info","timestamp":"2021-07-04T17:56:45.562Z"}
{"message":"JwtModule dependencies initialized","level":"info","timestamp":"2021-07-04T17:56:45.563Z"}
{"message":"ConfigHostModule dependencies initialized","level":"info","timestamp":"2021-07-04T17:56:45.563Z"}
{"message":"ConfigModule dependencies initialized","level":"info","timestamp":"2021-07-04T17:56:45.563Z"}
{"message":"ConfigModule dependencies initialized","level":"info","timestamp":"2021-07-04T17:56:45.564Z"}
{"message":"TypeOrmCoreModule dependencies initialized","level":"info","timestamp":"2021-07-04T17:56:45.760Z"}
{"message":"TypeOrmModule dependencies initialized","level":"info","timestamp":"2021-07-04T17:56:45.760Z"}
{"message":"TypeOrmModule dependencies initialized","level":"info","timestamp":"2021-07-04T17:56:45.760Z"}
{"message":"TypeOrmModule dependencies initialized","level":"info","timestamp":"2021-07-04T17:56:45.760Z"}
{"message":"AppModule dependencies initialized","level":"info","timestamp":"2021-07-04T17:56:45.760Z"}
{"message":"TasksModule dependencies initialized","level":"info","timestamp":"2021-07-04T17:56:45.761Z"}
{"message":"UsersModule dependencies initialized","level":"info","timestamp":"2021-07-04T17:56:45.762Z"}
{"message":"BoardsModule dependencies initialized","level":"info","timestamp":"2021-07-04T17:56:45.762Z"}
{"message":"AuthModule dependencies initialized","level":"info","timestamp":"2021-07-04T17:56:45.762Z"}
{"message":"AuthController {}:","level":"info","timestamp":"2021-07-04T17:56:45.868Z"}
{"message":"Mapped {/login, POST} route","level":"info","timestamp":"2021-07-04T17:56:45.871Z"}
{"message":"UsersController {/users}:","level":"info","timestamp":"2021-07-04T17:56:45.871Z"}
{"message":"Mapped {/users, GET} route","level":"info","timestamp":"2021-07-04T17:56:45.871Z"}
{"message":"Mapped {/users/:id, GET} route","level":"info","timestamp":"2021-07-04T17:56:45.872Z"}
{"message":"Mapped {/users, POST} route","level":"info","timestamp":"2021-07-04T17:56:45.872Z"}
{"message":"Mapped {/users/:id, PUT} route","level":"info","timestamp":"2021-07-04T17:56:45.872Z"}
{"message":"Mapped {/users/:id, DELETE} route","level":"info","timestamp":"2021-07-04T17:56:45.873Z"}
{"message":"TasksController {/boards/:boardId/tasks}:","level":"info","timestamp":"2021-07-04T17:56:45.873Z"}
{"message":"Mapped {/boards/:boardId/tasks, GET} route","level":"info","timestamp":"2021-07-04T17:56:45.873Z"}
{"message":"Mapped {/boards/:boardId/tasks/:id, GET} route","level":"info","timestamp":"2021-07-04T17:56:45.874Z"}
{"message":"Mapped {/boards/:boardId/tasks, POST} route","level":"info","timestamp":"2021-07-04T17:56:45.874Z"}
{"message":"Mapped {/boards/:boardId/tasks/:id, PUT} route","level":"info","timestamp":"2021-07-04T17:56:45.874Z"}
{"message":"Mapped {/boards/:boardId/tasks/:id, DELETE} route","level":"info","timestamp":"2021-07-04T17:56:45.874Z"}
{"message":"BoardsController {/boards}:","level":"info","timestamp":"2021-07-04T17:56:45.874Z"}
{"message":"Mapped {/boards, GET} route","level":"info","timestamp":"2021-07-04T17:56:45.875Z"}
{"message":"Mapped {/boards/:id, GET} route","level":"info","timestamp":"2021-07-04T17:56:45.875Z"}
{"message":"Mapped {/boards, POST} route","level":"info","timestamp":"2021-07-04T17:56:45.875Z"}
{"message":"Mapped {/boards/:id, PUT} route","level":"info","timestamp":"2021-07-04T17:56:45.875Z"}
{"message":"Mapped {/boards/:id, DELETE} route","level":"info","timestamp":"2021-07-04T17:56:45.876Z"}
{"message":"Nest application successfully started","level":"info","timestamp":"2021-07-04T17:56:45.878Z"}
{"message":"Starting Nest application...","level":"info","timestamp":"2021-07-04T17:56:59.414Z"}
{"message":"PassportModule dependencies initialized","level":"info","timestamp":"2021-07-04T17:56:59.476Z"}
{"message":"TypeOrmModule dependencies initialized","level":"info","timestamp":"2021-07-04T17:56:59.476Z"}
{"message":"JwtModule dependencies initialized","level":"info","timestamp":"2021-07-04T17:56:59.477Z"}
{"message":"ConfigHostModule dependencies initialized","level":"info","timestamp":"2021-07-04T17:56:59.477Z"}
{"message":"ConfigModule dependencies initialized","level":"info","timestamp":"2021-07-04T17:56:59.477Z"}
{"message":"ConfigModule dependencies initialized","level":"info","timestamp":"2021-07-04T17:56:59.477Z"}
{"message":"TypeOrmCoreModule dependencies initialized","level":"info","timestamp":"2021-07-04T17:56:59.683Z"}
{"message":"TypeOrmModule dependencies initialized","level":"info","timestamp":"2021-07-04T17:56:59.684Z"}
{"message":"TypeOrmModule dependencies initialized","level":"info","timestamp":"2021-07-04T17:56:59.684Z"}
{"message":"TypeOrmModule dependencies initialized","level":"info","timestamp":"2021-07-04T17:56:59.684Z"}
{"message":"AppModule dependencies initialized","level":"info","timestamp":"2021-07-04T17:56:59.684Z"}
{"message":"TasksModule dependencies initialized","level":"info","timestamp":"2021-07-04T17:56:59.685Z"}
{"message":"UsersModule dependencies initialized","level":"info","timestamp":"2021-07-04T17:56:59.685Z"}
{"message":"BoardsModule dependencies initialized","level":"info","timestamp":"2021-07-04T17:56:59.685Z"}
{"message":"AuthModule dependencies initialized","level":"info","timestamp":"2021-07-04T17:56:59.685Z"}
{"message":"AuthController {}:","level":"info","timestamp":"2021-07-04T17:56:59.800Z"}
{"message":"Mapped {/login, POST} route","level":"info","timestamp":"2021-07-04T17:56:59.803Z"}
{"message":"UsersController {/users}:","level":"info","timestamp":"2021-07-04T17:56:59.803Z"}
{"message":"Mapped {/users, GET} route","level":"info","timestamp":"2021-07-04T17:56:59.803Z"}
{"message":"Mapped {/users/:id, GET} route","level":"info","timestamp":"2021-07-04T17:56:59.804Z"}
{"message":"Mapped {/users, POST} route","level":"info","timestamp":"2021-07-04T17:56:59.804Z"}
{"message":"Mapped {/users/:id, PUT} route","level":"info","timestamp":"2021-07-04T17:56:59.804Z"}
{"message":"Mapped {/users/:id, DELETE} route","level":"info","timestamp":"2021-07-04T17:56:59.805Z"}
{"message":"TasksController {/boards/:boardId/tasks}:","level":"info","timestamp":"2021-07-04T17:56:59.805Z"}
{"message":"Mapped {/boards/:boardId/tasks, GET} route","level":"info","timestamp":"2021-07-04T17:56:59.805Z"}
{"message":"Mapped {/boards/:boardId/tasks/:id, GET} route","level":"info","timestamp":"2021-07-04T17:56:59.805Z"}
{"message":"Mapped {/boards/:boardId/tasks, POST} route","level":"info","timestamp":"2021-07-04T17:56:59.806Z"}
{"message":"Mapped {/boards/:boardId/tasks/:id, PUT} route","level":"info","timestamp":"2021-07-04T17:56:59.806Z"}
{"message":"Mapped {/boards/:boardId/tasks/:id, DELETE} route","level":"info","timestamp":"2021-07-04T17:56:59.806Z"}
{"message":"BoardsController {/boards}:","level":"info","timestamp":"2021-07-04T17:56:59.806Z"}
{"message":"Mapped {/boards, GET} route","level":"info","timestamp":"2021-07-04T17:56:59.806Z"}
{"message":"Mapped {/boards/:id, GET} route","level":"info","timestamp":"2021-07-04T17:56:59.807Z"}
{"message":"Mapped {/boards, POST} route","level":"info","timestamp":"2021-07-04T17:56:59.807Z"}
{"message":"Mapped {/boards/:id, PUT} route","level":"info","timestamp":"2021-07-04T17:56:59.807Z"}
{"message":"Mapped {/boards/:id, DELETE} route","level":"info","timestamp":"2021-07-04T17:56:59.808Z"}
{"message":"Nest application successfully started","level":"info","timestamp":"2021-07-04T17:56:59.811Z"}
{"message":"Starting Nest application...","level":"info","timestamp":"2021-07-04T17:57:34.419Z"}
{"message":"PassportModule dependencies initialized","level":"info","timestamp":"2021-07-04T17:57:34.482Z"}
{"message":"TypeOrmModule dependencies initialized","level":"info","timestamp":"2021-07-04T17:57:34.482Z"}
{"message":"JwtModule dependencies initialized","level":"info","timestamp":"2021-07-04T17:57:34.483Z"}
{"message":"ConfigHostModule dependencies initialized","level":"info","timestamp":"2021-07-04T17:57:34.483Z"}
{"message":"ConfigModule dependencies initialized","level":"info","timestamp":"2021-07-04T17:57:34.483Z"}
{"message":"ConfigModule dependencies initialized","level":"info","timestamp":"2021-07-04T17:57:34.484Z"}
{"message":"TypeOrmCoreModule dependencies initialized","level":"info","timestamp":"2021-07-04T17:57:34.662Z"}
{"message":"TypeOrmModule dependencies initialized","level":"info","timestamp":"2021-07-04T17:57:34.663Z"}
{"message":"TypeOrmModule dependencies initialized","level":"info","timestamp":"2021-07-04T17:57:34.663Z"}
{"message":"TypeOrmModule dependencies initialized","level":"info","timestamp":"2021-07-04T17:57:34.663Z"}
{"message":"AppModule dependencies initialized","level":"info","timestamp":"2021-07-04T17:57:34.663Z"}
{"message":"TasksModule dependencies initialized","level":"info","timestamp":"2021-07-04T17:57:34.664Z"}
{"message":"UsersModule dependencies initialized","level":"info","timestamp":"2021-07-04T17:57:34.664Z"}
{"message":"BoardsModule dependencies initialized","level":"info","timestamp":"2021-07-04T17:57:34.664Z"}
{"message":"AuthModule dependencies initialized","level":"info","timestamp":"2021-07-04T17:57:34.664Z"}
{"message":"AuthController {}:","level":"info","timestamp":"2021-07-04T17:57:34.793Z"}
{"message":"Mapped {/login, POST} route","level":"info","timestamp":"2021-07-04T17:57:34.796Z"}
{"message":"UsersController {/users}:","level":"info","timestamp":"2021-07-04T17:57:34.796Z"}
{"message":"Mapped {/users, GET} route","level":"info","timestamp":"2021-07-04T17:57:34.796Z"}
{"message":"Mapped {/users/:id, GET} route","level":"info","timestamp":"2021-07-04T17:57:34.797Z"}
{"message":"Mapped {/users, POST} route","level":"info","timestamp":"2021-07-04T17:57:34.797Z"}
{"message":"Mapped {/users/:id, PUT} route","level":"info","timestamp":"2021-07-04T17:57:34.797Z"}
{"message":"Mapped {/users/:id, DELETE} route","level":"info","timestamp":"2021-07-04T17:57:34.797Z"}
{"message":"TasksController {/boards/:boardId/tasks}:","level":"info","timestamp":"2021-07-04T17:57:34.798Z"}
{"message":"Mapped {/boards/:boardId/tasks, GET} route","level":"info","timestamp":"2021-07-04T17:57:34.798Z"}
{"message":"Mapped {/boards/:boardId/tasks/:id, GET} route","level":"info","timestamp":"2021-07-04T17:57:34.798Z"}
{"message":"Mapped {/boards/:boardId/tasks, POST} route","level":"info","timestamp":"2021-07-04T17:57:34.798Z"}
{"message":"Mapped {/boards/:boardId/tasks/:id, PUT} route","level":"info","timestamp":"2021-07-04T17:57:34.799Z"}
{"message":"Mapped {/boards/:boardId/tasks/:id, DELETE} route","level":"info","timestamp":"2021-07-04T17:57:34.799Z"}
{"message":"BoardsController {/boards}:","level":"info","timestamp":"2021-07-04T17:57:34.799Z"}
{"message":"Mapped {/boards, GET} route","level":"info","timestamp":"2021-07-04T17:57:34.799Z"}
{"message":"Mapped {/boards/:id, GET} route","level":"info","timestamp":"2021-07-04T17:57:34.800Z"}
{"message":"Mapped {/boards, POST} route","level":"info","timestamp":"2021-07-04T17:57:34.800Z"}
{"message":"Mapped {/boards/:id, PUT} route","level":"info","timestamp":"2021-07-04T17:57:34.800Z"}
{"message":"Mapped {/boards/:id, DELETE} route","level":"info","timestamp":"2021-07-04T17:57:34.800Z"}
{"message":"Nest application successfully started","level":"info","timestamp":"2021-07-04T17:57:34.803Z"}
{"message":"Starting Nest application...","level":"info","timestamp":"2021-07-04T17:59:02.144Z"}
{"message":"PassportModule dependencies initialized","level":"info","timestamp":"2021-07-04T17:59:02.200Z"}
{"message":"TypeOrmModule dependencies initialized","level":"info","timestamp":"2021-07-04T17:59:02.200Z"}
{"message":"JwtModule dependencies initialized","level":"info","timestamp":"2021-07-04T17:59:02.201Z"}
{"message":"ConfigHostModule dependencies initialized","level":"info","timestamp":"2021-07-04T17:59:02.201Z"}
{"message":"ConfigModule dependencies initialized","level":"info","timestamp":"2021-07-04T17:59:02.202Z"}
{"message":"ConfigModule dependencies initialized","level":"info","timestamp":"2021-07-04T17:59:02.202Z"}
{"message":"TypeOrmCoreModule dependencies initialized","level":"info","timestamp":"2021-07-04T17:59:02.390Z"}
{"message":"TypeOrmModule dependencies initialized","level":"info","timestamp":"2021-07-04T17:59:02.391Z"}
{"message":"TypeOrmModule dependencies initialized","level":"info","timestamp":"2021-07-04T17:59:02.391Z"}
{"message":"TypeOrmModule dependencies initialized","level":"info","timestamp":"2021-07-04T17:59:02.391Z"}
{"message":"AppModule dependencies initialized","level":"info","timestamp":"2021-07-04T17:59:02.391Z"}
{"message":"TasksModule dependencies initialized","level":"info","timestamp":"2021-07-04T17:59:02.392Z"}
{"message":"UsersModule dependencies initialized","level":"info","timestamp":"2021-07-04T17:59:02.392Z"}
{"message":"BoardsModule dependencies initialized","level":"info","timestamp":"2021-07-04T17:59:02.392Z"}
{"message":"AuthModule dependencies initialized","level":"info","timestamp":"2021-07-04T17:59:02.393Z"}
{"message":"AuthController {}:","level":"info","timestamp":"2021-07-04T17:59:02.491Z"}
{"message":"Mapped {/login, POST} route","level":"info","timestamp":"2021-07-04T17:59:02.494Z"}
{"message":"UsersController {/users}:","level":"info","timestamp":"2021-07-04T17:59:02.494Z"}
{"message":"Mapped {/users, GET} route","level":"info","timestamp":"2021-07-04T17:59:02.494Z"}
{"message":"Mapped {/users/:id, GET} route","level":"info","timestamp":"2021-07-04T17:59:02.495Z"}
{"message":"Mapped {/users, POST} route","level":"info","timestamp":"2021-07-04T17:59:02.495Z"}
{"message":"Mapped {/users/:id, PUT} route","level":"info","timestamp":"2021-07-04T17:59:02.495Z"}
{"message":"Mapped {/users/:id, DELETE} route","level":"info","timestamp":"2021-07-04T17:59:02.495Z"}
{"message":"TasksController {/boards/:boardId/tasks}:","level":"info","timestamp":"2021-07-04T17:59:02.496Z"}
{"message":"Mapped {/boards/:boardId/tasks, GET} route","level":"info","timestamp":"2021-07-04T17:59:02.496Z"}
{"message":"Mapped {/boards/:boardId/tasks/:id, GET} route","level":"info","timestamp":"2021-07-04T17:59:02.496Z"}
{"message":"Mapped {/boards/:boardId/tasks, POST} route","level":"info","timestamp":"2021-07-04T17:59:02.496Z"}
{"message":"Mapped {/boards/:boardId/tasks/:id, PUT} route","level":"info","timestamp":"2021-07-04T17:59:02.497Z"}
{"message":"Mapped {/boards/:boardId/tasks/:id, DELETE} route","level":"info","timestamp":"2021-07-04T17:59:02.497Z"}
{"message":"BoardsController {/boards}:","level":"info","timestamp":"2021-07-04T17:59:02.497Z"}
{"message":"Mapped {/boards, GET} route","level":"info","timestamp":"2021-07-04T17:59:02.497Z"}
{"message":"Mapped {/boards/:id, GET} route","level":"info","timestamp":"2021-07-04T17:59:02.498Z"}
{"message":"Mapped {/boards, POST} route","level":"info","timestamp":"2021-07-04T17:59:02.498Z"}
{"message":"Mapped {/boards/:id, PUT} route","level":"info","timestamp":"2021-07-04T17:59:02.498Z"}
{"message":"Mapped {/boards/:id, DELETE} route","level":"info","timestamp":"2021-07-04T17:59:02.498Z"}
{"message":"Nest application successfully started","level":"info","timestamp":"2021-07-04T17:59:02.500Z"}
{"message":"Starting Nest application...","level":"info","timestamp":"2021-07-04T18:38:52.816Z"}
{"message":"PassportModule dependencies initialized","level":"info","timestamp":"2021-07-04T18:38:52.893Z"}
{"message":"TypeOrmModule dependencies initialized","level":"info","timestamp":"2021-07-04T18:38:52.893Z"}
{"message":"JwtModule dependencies initialized","level":"info","timestamp":"2021-07-04T18:38:52.894Z"}
{"message":"ConfigHostModule dependencies initialized","level":"info","timestamp":"2021-07-04T18:38:52.894Z"}
{"message":"ConfigModule dependencies initialized","level":"info","timestamp":"2021-07-04T18:38:52.894Z"}
{"message":"ConfigModule dependencies initialized","level":"info","timestamp":"2021-07-04T18:38:52.894Z"}
{"message":"Unable to connect to the database. Retrying (1)..., Error: getaddrinfo ENOTFOUND postgres\n    at GetAddrInfoReqWrap.onlookup [as oncomplete] (dns.js:67:26)","level":"error","timestamp":"2021-07-04T18:38:55.191Z"}
{"message":"Unable to connect to the database. Retrying (2)..., Error: getaddrinfo ENOTFOUND postgres\n    at GetAddrInfoReqWrap.onlookup [as oncomplete] (dns.js:67:26)","level":"error","timestamp":"2021-07-04T18:39:00.472Z"}
{"message":"Starting Nest application...","level":"info","timestamp":"2021-07-04T18:40:25.529Z"}
{"message":"PassportModule dependencies initialized","level":"info","timestamp":"2021-07-04T18:40:25.591Z"}
{"message":"TypeOrmModule dependencies initialized","level":"info","timestamp":"2021-07-04T18:40:25.592Z"}
{"message":"JwtModule dependencies initialized","level":"info","timestamp":"2021-07-04T18:40:25.592Z"}
{"message":"ConfigHostModule dependencies initialized","level":"info","timestamp":"2021-07-04T18:40:25.593Z"}
{"message":"ConfigModule dependencies initialized","level":"info","timestamp":"2021-07-04T18:40:25.593Z"}
{"message":"ConfigModule dependencies initialized","level":"info","timestamp":"2021-07-04T18:40:25.593Z"}
{"message":"TypeOrmCoreModule dependencies initialized","level":"info","timestamp":"2021-07-04T18:40:25.987Z"}
{"message":"TypeOrmModule dependencies initialized","level":"info","timestamp":"2021-07-04T18:40:25.988Z"}
{"message":"TypeOrmModule dependencies initialized","level":"info","timestamp":"2021-07-04T18:40:25.988Z"}
{"message":"TypeOrmModule dependencies initialized","level":"info","timestamp":"2021-07-04T18:40:25.988Z"}
{"message":"AppModule dependencies initialized","level":"info","timestamp":"2021-07-04T18:40:25.988Z"}
{"message":"TasksModule dependencies initialized","level":"info","timestamp":"2021-07-04T18:40:25.990Z"}
{"message":"UsersModule dependencies initialized","level":"info","timestamp":"2021-07-04T18:40:25.990Z"}
{"message":"BoardsModule dependencies initialized","level":"info","timestamp":"2021-07-04T18:40:25.990Z"}
{"message":"AuthModule dependencies initialized","level":"info","timestamp":"2021-07-04T18:40:25.990Z"}
{"message":"AuthController {}:","level":"info","timestamp":"2021-07-04T18:40:26.154Z"}
{"message":"Mapped {/login, POST} route","level":"info","timestamp":"2021-07-04T18:40:26.159Z"}
{"message":"UsersController {/users}:","level":"info","timestamp":"2021-07-04T18:40:26.159Z"}
{"message":"Mapped {/users, GET} route","level":"info","timestamp":"2021-07-04T18:40:26.160Z"}
{"message":"Mapped {/users/:id, GET} route","level":"info","timestamp":"2021-07-04T18:40:26.161Z"}
{"message":"Mapped {/users, POST} route","level":"info","timestamp":"2021-07-04T18:40:26.161Z"}
{"message":"Mapped {/users/:id, PUT} route","level":"info","timestamp":"2021-07-04T18:40:26.162Z"}
{"message":"Mapped {/users/:id, DELETE} route","level":"info","timestamp":"2021-07-04T18:40:26.162Z"}
{"message":"TasksController {/boards/:boardId/tasks}:","level":"info","timestamp":"2021-07-04T18:40:26.163Z"}
{"message":"Mapped {/boards/:boardId/tasks, GET} route","level":"info","timestamp":"2021-07-04T18:40:26.163Z"}
{"message":"Mapped {/boards/:boardId/tasks/:id, GET} route","level":"info","timestamp":"2021-07-04T18:40:26.164Z"}
{"message":"Mapped {/boards/:boardId/tasks, POST} route","level":"info","timestamp":"2021-07-04T18:40:26.165Z"}
{"message":"Mapped {/boards/:boardId/tasks/:id, PUT} route","level":"info","timestamp":"2021-07-04T18:40:26.166Z"}
{"message":"Mapped {/boards/:boardId/tasks/:id, DELETE} route","level":"info","timestamp":"2021-07-04T18:40:26.167Z"}
{"message":"BoardsController {/boards}:","level":"info","timestamp":"2021-07-04T18:40:26.167Z"}
{"message":"Mapped {/boards, GET} route","level":"info","timestamp":"2021-07-04T18:40:26.168Z"}
{"message":"Mapped {/boards/:id, GET} route","level":"info","timestamp":"2021-07-04T18:40:26.168Z"}
{"message":"Mapped {/boards, POST} route","level":"info","timestamp":"2021-07-04T18:40:26.169Z"}
{"message":"Mapped {/boards/:id, PUT} route","level":"info","timestamp":"2021-07-04T18:40:26.170Z"}
{"message":"Mapped {/boards/:id, DELETE} route","level":"info","timestamp":"2021-07-04T18:40:26.170Z"}
{"message":"Nest application successfully started","level":"info","timestamp":"2021-07-04T18:40:26.174Z"}
